{"/home/travis/build/npmtest/node-npmtest-pg-async/test.js":{"path":"/home/travis/build/npmtest/node-npmtest-pg-async/test.js","s":{"1":2,"2":2,"3":2,"4":2,"5":2,"6":2,"7":2,"8":1,"9":2,"10":2,"11":1,"12":1,"13":1,"14":1,"15":2,"16":2,"17":2,"18":2,"19":1,"20":1,"21":2,"22":2,"23":2,"24":1,"25":1,"26":1,"27":1,"28":1,"29":1,"30":1,"31":1,"32":1,"33":1,"34":1,"35":1,"36":1,"37":1,"38":1,"39":2,"40":2,"41":1,"42":2,"43":2,"44":1,"45":2,"46":2,"47":1,"48":2,"49":2,"50":1,"51":1,"52":1,"53":1,"54":1},"b":{"1":[2,1,1,1],"2":[1,1,1,1],"3":[1,1],"4":[1,1],"5":[1,1],"6":[1,1],"7":[1,1],"8":[1,1],"9":[1,1],"10":[1,1,1],"11":[1,1],"12":[1,1],"13":[1,1],"14":[1,1],"15":[1,1],"16":[1,1],"17":[1,1]},"f":{"1":2,"2":2,"3":2,"4":2,"5":2,"6":1,"7":1,"8":1,"9":2,"10":2,"11":2,"12":2,"13":1},"fnMap":{"1":{"name":"(anonymous_1)","line":12,"loc":{"start":{"line":12,"column":1},"end":{"line":12,"column":13}}},"2":{"name":"(anonymous_2)","line":19,"loc":{"start":{"line":19,"column":5},"end":{"line":19,"column":17}}},"3":{"name":"(anonymous_3)","line":23,"loc":{"start":{"line":23,"column":24},"end":{"line":23,"column":36}}},"4":{"name":"(anonymous_4)","line":61,"loc":{"start":{"line":61,"column":5},"end":{"line":61,"column":17}}},"5":{"name":"(anonymous_5)","line":82,"loc":{"start":{"line":82,"column":5},"end":{"line":82,"column":17}}},"6":{"name":"(anonymous_6)","line":91,"loc":{"start":{"line":91,"column":77},"end":{"line":94,"column":10}}},"7":{"name":"(anonymous_7)","line":112,"loc":{"start":{"line":112,"column":83},"end":{"line":115,"column":10}},"skip":true},"8":{"name":"(anonymous_8)","line":123,"loc":{"start":{"line":123,"column":77},"end":{"line":126,"column":10}},"skip":true},"9":{"name":"(anonymous_9)","line":139,"loc":{"start":{"line":139,"column":12},"end":{"line":139,"column":40}},"skip":true},"10":{"name":"(anonymous_10)","line":147,"loc":{"start":{"line":147,"column":77},"end":{"line":150,"column":10}},"skip":true},"11":{"name":"(anonymous_11)","line":158,"loc":{"start":{"line":158,"column":83},"end":{"line":161,"column":10}},"skip":true},"12":{"name":"(anonymous_12)","line":169,"loc":{"start":{"line":169,"column":79},"end":{"line":172,"column":10}},"skip":true},"13":{"name":"(anonymous_13)","line":180,"loc":{"start":{"line":180,"column":75},"end":{"line":183,"column":10}},"skip":true}},"statementMap":{"1":{"start":{"line":12,"column":0},"end":{"line":195,"column":5}},"2":{"start":{"line":14,"column":4},"end":{"line":14,"column":14}},"3":{"start":{"line":19,"column":4},"end":{"line":56,"column":9}},"4":{"start":{"line":21,"column":8},"end":{"line":21,"column":19}},"5":{"start":{"line":23,"column":8},"end":{"line":35,"column":13}},"6":{"start":{"line":24,"column":12},"end":{"line":34,"column":13}},"7":{"start":{"line":25,"column":16},"end":{"line":28,"column":30}},"8":{"start":{"line":30,"column":16},"end":{"line":33,"column":27}},"9":{"start":{"line":37,"column":8},"end":{"line":39,"column":21}},"10":{"start":{"line":40,"column":8},"end":{"line":53,"column":9}},"11":{"start":{"line":43,"column":12},"end":{"line":46,"column":14}},"12":{"start":{"line":47,"column":12},"end":{"line":47,"column":18}},"13":{"start":{"line":50,"column":12},"end":{"line":51,"column":33}},"14":{"start":{"line":52,"column":12},"end":{"line":52,"column":18}},"15":{"start":{"line":55,"column":8},"end":{"line":55,"column":35}},"16":{"start":{"line":61,"column":4},"end":{"line":63,"column":9}},"17":{"start":{"line":62,"column":8},"end":{"line":62,"column":15}},"18":{"start":{"line":64,"column":4},"end":{"line":77,"column":5}},"19":{"start":{"line":70,"column":8},"end":{"line":70,"column":14}},"20":{"start":{"line":76,"column":8},"end":{"line":76,"column":14}},"21":{"start":{"line":82,"column":4},"end":{"line":84,"column":9}},"22":{"start":{"line":83,"column":8},"end":{"line":83,"column":15}},"23":{"start":{"line":85,"column":4},"end":{"line":194,"column":5}},"24":{"start":{"line":91,"column":8},"end":{"line":99,"column":10}},"25":{"start":{"line":98,"column":12},"end":{"line":98,"column":35}},"26":{"start":{"line":102,"column":8},"end":{"line":104,"column":63}},"27":{"start":{"line":105,"column":8},"end":{"line":105,"column":14}},"28":{"start":{"line":112,"column":8},"end":{"line":121,"column":10},"skip":true},"29":{"start":{"line":119,"column":12},"end":{"line":119,"column":55},"skip":true},"30":{"start":{"line":120,"column":12},"end":{"line":120,"column":48},"skip":true},"31":{"start":{"line":123,"column":8},"end":{"line":136,"column":10},"skip":true},"32":{"start":{"line":130,"column":12},"end":{"line":130,"column":76},"skip":true},"33":{"start":{"line":131,"column":12},"end":{"line":131,"column":73},"skip":true},"34":{"start":{"line":132,"column":12},"end":{"line":132,"column":74},"skip":true},"35":{"start":{"line":133,"column":12},"end":{"line":133,"column":79},"skip":true},"36":{"start":{"line":134,"column":12},"end":{"line":134,"column":25},"skip":true},"37":{"start":{"line":135,"column":12},"end":{"line":135,"column":45},"skip":true},"38":{"start":{"line":138,"column":8},"end":{"line":145,"column":14},"skip":true},"39":{"start":{"line":143,"column":16},"end":{"line":143,"column":29},"skip":true},"40":{"start":{"line":144,"column":16},"end":{"line":144,"column":55},"skip":true},"41":{"start":{"line":147,"column":8},"end":{"line":156,"column":10},"skip":true},"42":{"start":{"line":154,"column":12},"end":{"line":154,"column":25},"skip":true},"43":{"start":{"line":155,"column":12},"end":{"line":155,"column":45},"skip":true},"44":{"start":{"line":158,"column":8},"end":{"line":167,"column":10},"skip":true},"45":{"start":{"line":165,"column":12},"end":{"line":165,"column":25},"skip":true},"46":{"start":{"line":166,"column":12},"end":{"line":166,"column":48},"skip":true},"47":{"start":{"line":169,"column":8},"end":{"line":178,"column":10},"skip":true},"48":{"start":{"line":176,"column":12},"end":{"line":176,"column":25},"skip":true},"49":{"start":{"line":177,"column":12},"end":{"line":177,"column":46},"skip":true},"50":{"start":{"line":180,"column":8},"end":{"line":189,"column":10},"skip":true},"51":{"start":{"line":187,"column":12},"end":{"line":187,"column":94},"skip":true},"52":{"start":{"line":188,"column":12},"end":{"line":188,"column":48},"skip":true},"53":{"start":{"line":192,"column":8},"end":{"line":192,"column":35},"skip":true},"54":{"start":{"line":193,"column":8},"end":{"line":193,"column":14},"skip":true}},"branchMap":{"1":{"line":25,"type":"binary-expr","locations":[{"start":{"line":25,"column":23},"end":{"line":25,"column":62}},{"start":{"line":26,"column":20},"end":{"line":26,"column":70}},{"start":{"line":27,"column":20},"end":{"line":27,"column":71}},{"start":{"line":28,"column":20},"end":{"line":28,"column":29}}]},"2":{"line":30,"type":"binary-expr","locations":[{"start":{"line":30,"column":23},"end":{"line":30,"column":37}},{"start":{"line":31,"column":20},"end":{"line":31,"column":61}},{"start":{"line":32,"column":20},"end":{"line":32,"column":70}},{"start":{"line":33,"column":20},"end":{"line":33,"column":26}}]},"3":{"line":37,"type":"cond-expr","locations":[{"start":{"line":38,"column":14},"end":{"line":38,"column":20}},{"start":{"line":39,"column":14},"end":{"line":39,"column":20}}]},"4":{"line":40,"type":"switch","locations":[{"start":{"line":42,"column":8},"end":{"line":47,"column":18}},{"start":{"line":49,"column":8},"end":{"line":52,"column":18}}]},"5":{"line":44,"type":"binary-expr","locations":[{"start":{"line":44,"column":16},"end":{"line":44,"column":44}},{"start":{"line":44,"column":48},"end":{"line":44,"column":66}}]},"6":{"line":50,"type":"binary-expr","locations":[{"start":{"line":50,"column":21},"end":{"line":50,"column":49}},{"start":{"line":50,"column":53},"end":{"line":50,"column":72}}]},"7":{"line":64,"type":"switch","locations":[{"start":{"line":69,"column":4},"end":{"line":70,"column":14}},{"start":{"line":75,"column":4},"end":{"line":76,"column":14}}]},"8":{"line":85,"type":"switch","locations":[{"start":{"line":90,"column":4},"end":{"line":105,"column":14}},{"start":{"line":111,"column":4},"end":{"line":193,"column":14},"skip":true}]},"9":{"line":91,"type":"binary-expr","locations":[{"start":{"line":91,"column":42},"end":{"line":91,"column":73}},{"start":{"line":91,"column":77},"end":{"line":99,"column":9}}]},"10":{"line":102,"type":"binary-expr","locations":[{"start":{"line":102,"column":18},"end":{"line":102,"column":32}},{"start":{"line":103,"column":12},"end":{"line":103,"column":53}},{"start":{"line":104,"column":12},"end":{"line":104,"column":61}}]},"11":{"line":112,"type":"binary-expr","locations":[{"start":{"line":112,"column":45},"end":{"line":112,"column":79},"skip":true},{"start":{"line":112,"column":83},"end":{"line":121,"column":9},"skip":true}]},"12":{"line":123,"type":"binary-expr","locations":[{"start":{"line":123,"column":42},"end":{"line":123,"column":73},"skip":true},{"start":{"line":123,"column":77},"end":{"line":136,"column":9},"skip":true}]},"13":{"line":138,"type":"binary-expr","locations":[{"start":{"line":138,"column":48},"end":{"line":138,"column":85},"skip":true},{"start":{"line":139,"column":12},"end":{"line":145,"column":13},"skip":true}]},"14":{"line":147,"type":"binary-expr","locations":[{"start":{"line":147,"column":42},"end":{"line":147,"column":73},"skip":true},{"start":{"line":147,"column":77},"end":{"line":156,"column":9},"skip":true}]},"15":{"line":158,"type":"binary-expr","locations":[{"start":{"line":158,"column":45},"end":{"line":158,"column":79},"skip":true},{"start":{"line":158,"column":83},"end":{"line":167,"column":9},"skip":true}]},"16":{"line":169,"type":"binary-expr","locations":[{"start":{"line":169,"column":43},"end":{"line":169,"column":75},"skip":true},{"start":{"line":169,"column":79},"end":{"line":178,"column":9},"skip":true}]},"17":{"line":180,"type":"binary-expr","locations":[{"start":{"line":180,"column":41},"end":{"line":180,"column":71},"skip":true},{"start":{"line":180,"column":75},"end":{"line":189,"column":9},"skip":true}]}},"code":["/* istanbul instrument in package npmtest_pg_async */","/*jslint","    bitwise: true,","    browser: true,","    maxerr: 8,","    maxlen: 96,","    node: true,","    nomen: true,","    regexp: true,","    stupid: true","*/","(function () {","    'use strict';","    var local;","","","","    // run shared js-env code - pre-init","    (function () {","        // init local","        local = {};","        // init modeJs","        local.modeJs = (function () {","            try {","                return typeof navigator.userAgent === 'string' &&","                    typeof document.querySelector('body') === 'object' &&","                    typeof XMLHttpRequest.prototype.open === 'function' &&","                    'browser';","            } catch (errorCaughtBrowser) {","                return module.exports &&","                    typeof process.versions.node === 'string' &&","                    typeof require('http').createServer === 'function' &&","                    'node';","            }","        }());","        // init global","        local.global = local.modeJs === 'browser'","            ? window","            : global;","        switch (local.modeJs) {","        // re-init local from window.local","        case 'browser':","            local = local.global.utility2.objectSetDefault(","                local.global.utility2_rollup || local.global.local,","                local.global.utility2","            );","            break;","        // re-init local from example.js","        case 'node':","            local = (local.global.utility2_rollup || require('utility2'))","                .requireReadme();","            break;","        }","        // export local","        local.global.local = local;","    }());","","","","    // run shared js-env code - function","    (function () {","        return;","    }());","    switch (local.modeJs) {","","","","    // run browser js-env code - function","    case 'browser':","        break;","","","","    // run node js-env code - function","    case 'node':","        break;","    }","","","","    // run shared js-env code - post-init","    (function () {","        return;","    }());","    switch (local.modeJs) {","","","","    // run browser js-env code - post-init","    case 'browser':","        local.testCase_browser_nullCase = local.testCase_browser_nullCase || function (","            options,","            onError","        ) {","        /*","         * this function will test browsers's null-case handling-behavior-behavior","         */","            onError(null, options);","        };","","        // run tests","        local.nop(local.modeTest &&","            document.querySelector('#testRunButton1') &&","            document.querySelector('#testRunButton1').click());","        break;","","","","    // run node js-env code - post-init","    /* istanbul ignore next */","    case 'node':","        local.testCase_buildApidoc_default = local.testCase_buildApidoc_default || function (","            options,","            onError","        ) {","        /*","         * this function will test buildApidoc's default handling-behavior-behavior","         */","            options = { modulePathList: module.paths };","            local.buildApidoc(options, onError);","        };","","        local.testCase_buildApp_default = local.testCase_buildApp_default || function (","            options,","            onError","        ) {","        /*","         * this function will test buildApp's default handling-behavior-behavior","         */","            local.testCase_buildReadme_default(options, local.onErrorThrow);","            local.testCase_buildLib_default(options, local.onErrorThrow);","            local.testCase_buildTest_default(options, local.onErrorThrow);","            local.testCase_buildCustomOrg_default(options, local.onErrorThrow);","            options = [];","            local.buildApp(options, onError);","        };","","        local.testCase_buildCustomOrg_default = local.testCase_buildCustomOrg_default ||","            function (options, onError) {","            /*","             * this function will test buildCustomOrg's default handling-behavior","             */","                options = {};","                local.buildCustomOrg(options, onError);","            };","","        local.testCase_buildLib_default = local.testCase_buildLib_default || function (","            options,","            onError","        ) {","        /*","         * this function will test buildLib's default handling-behavior","         */","            options = {};","            local.buildLib(options, onError);","        };","","        local.testCase_buildReadme_default = local.testCase_buildReadme_default || function (","            options,","            onError","        ) {","        /*","         * this function will test buildReadme's default handling-behavior-behavior","         */","            options = {};","            local.buildReadme(options, onError);","        };","","        local.testCase_buildTest_default = local.testCase_buildTest_default || function (","            options,","            onError","        ) {","        /*","         * this function will test buildTest's default handling-behavior","         */","            options = {};","            local.buildTest(options, onError);","        };","","        local.testCase_webpage_default = local.testCase_webpage_default || function (","            options,","            onError","        ) {","        /*","         * this function will test webpage's default handling-behavior","         */","            options = { modeCoverageMerge: true, url: local.serverLocalHost + '?modeTest=1' };","            local.browserTest(options, onError);","        };","","        // run test-server","        local.testRunServer(local);","        break;","    }","}());",""],"l":{"12":2,"14":2,"19":2,"21":2,"23":2,"24":2,"25":2,"30":1,"37":2,"40":2,"43":1,"47":1,"50":1,"52":1,"55":2,"61":2,"62":2,"64":2,"70":1,"76":1,"82":2,"83":2,"85":2,"91":1,"98":1,"102":1,"105":1,"112":1,"119":1,"120":1,"123":1,"130":1,"131":1,"132":1,"133":1,"134":1,"135":1,"138":1,"143":2,"144":2,"147":1,"154":2,"155":2,"158":1,"165":2,"166":2,"169":1,"176":2,"177":2,"180":1,"187":1,"188":1,"192":1,"193":1}},"/home/travis/build/npmtest/node-npmtest-pg-async/lib.npmtest_pg_async.js":{"path":"/home/travis/build/npmtest/node-npmtest-pg-async/lib.npmtest_pg_async.js","s":{"1":2,"2":2,"3":2,"4":2,"5":2,"6":2,"7":2,"8":1,"9":2,"10":2,"11":2,"12":2,"13":1,"14":1,"15":1,"16":1},"b":{"1":[2,1,1,1],"2":[1,1,1,1],"3":[1,1],"4":[2,2],"5":[1,1]},"f":{"1":2,"2":2,"3":2},"fnMap":{"1":{"name":"(anonymous_1)","line":12,"loc":{"start":{"line":12,"column":1},"end":{"line":12,"column":13}}},"2":{"name":"(anonymous_2)","line":19,"loc":{"start":{"line":19,"column":5},"end":{"line":19,"column":17}}},"3":{"name":"(anonymous_3)","line":23,"loc":{"start":{"line":23,"column":24},"end":{"line":23,"column":36}}}},"statementMap":{"1":{"start":{"line":12,"column":0},"end":{"line":53,"column":5}},"2":{"start":{"line":14,"column":4},"end":{"line":14,"column":14}},"3":{"start":{"line":19,"column":4},"end":{"line":52,"column":9}},"4":{"start":{"line":21,"column":8},"end":{"line":21,"column":19}},"5":{"start":{"line":23,"column":8},"end":{"line":35,"column":13}},"6":{"start":{"line":24,"column":12},"end":{"line":34,"column":13}},"7":{"start":{"line":25,"column":16},"end":{"line":28,"column":30}},"8":{"start":{"line":30,"column":16},"end":{"line":33,"column":27}},"9":{"start":{"line":37,"column":8},"end":{"line":39,"column":21}},"10":{"start":{"line":41,"column":8},"end":{"line":41,"column":54}},"11":{"start":{"line":43,"column":8},"end":{"line":43,"column":53}},"12":{"start":{"line":45,"column":8},"end":{"line":51,"column":9}},"13":{"start":{"line":46,"column":12},"end":{"line":46,"column":59}},"14":{"start":{"line":48,"column":12},"end":{"line":48,"column":35}},"15":{"start":{"line":49,"column":12},"end":{"line":49,"column":49}},"16":{"start":{"line":50,"column":12},"end":{"line":50,"column":43}}},"branchMap":{"1":{"line":25,"type":"binary-expr","locations":[{"start":{"line":25,"column":23},"end":{"line":25,"column":62}},{"start":{"line":26,"column":20},"end":{"line":26,"column":70}},{"start":{"line":27,"column":20},"end":{"line":27,"column":71}},{"start":{"line":28,"column":20},"end":{"line":28,"column":29}}]},"2":{"line":30,"type":"binary-expr","locations":[{"start":{"line":30,"column":23},"end":{"line":30,"column":37}},{"start":{"line":31,"column":20},"end":{"line":31,"column":61}},{"start":{"line":32,"column":20},"end":{"line":32,"column":70}},{"start":{"line":33,"column":20},"end":{"line":33,"column":26}}]},"3":{"line":37,"type":"cond-expr","locations":[{"start":{"line":38,"column":14},"end":{"line":38,"column":20}},{"start":{"line":39,"column":14},"end":{"line":39,"column":20}}]},"4":{"line":41,"type":"binary-expr","locations":[{"start":{"line":41,"column":16},"end":{"line":41,"column":44}},{"start":{"line":41,"column":48},"end":{"line":41,"column":53}}]},"5":{"line":45,"type":"if","locations":[{"start":{"line":45,"column":8},"end":{"line":45,"column":8}},{"start":{"line":45,"column":8},"end":{"line":45,"column":8}}]}},"code":["/* istanbul instrument in package npmtest_pg_async */","/*jslint","    bitwise: true,","    browser: true,","    maxerr: 8,","    maxlen: 96,","    node: true,","    nomen: true,","    regexp: true,","    stupid: true","*/","(function () {","    'use strict';","    var local;","","","","    // run shared js-env code - pre-init","    (function () {","        // init local","        local = {};","        // init modeJs","        local.modeJs = (function () {","            try {","                return typeof navigator.userAgent === 'string' &&","                    typeof document.querySelector('body') === 'object' &&","                    typeof XMLHttpRequest.prototype.open === 'function' &&","                    'browser';","            } catch (errorCaughtBrowser) {","                return module.exports &&","                    typeof process.versions.node === 'string' &&","                    typeof require('http').createServer === 'function' &&","                    'node';","            }","        }());","        // init global","        local.global = local.modeJs === 'browser'","            ? window","            : global;","        // init utility2_rollup","        local = local.global.utility2_rollup || local;","        // init lib","        local.local = local.npmtest_pg_async = local;","        // init exports","        if (local.modeJs === 'browser') {","            local.global.utility2_npmtest_pg_async = local;","        } else {","            module.exports = local;","            module.exports.__dirname = __dirname;","            module.exports.module = module;","        }","    }());","}());",""],"l":{"12":2,"14":2,"19":2,"21":2,"23":2,"24":2,"25":2,"30":1,"37":2,"41":2,"43":2,"45":2,"46":1,"48":1,"49":1,"50":1}},"/home/travis/build/npmtest/node-npmtest-pg-async/example.js":{"path":"/home/travis/build/npmtest/node-npmtest-pg-async/example.js","s":{"1":2,"2":2,"3":2,"4":2,"5":2,"6":2,"7":2,"8":1,"9":2,"10":2,"11":2,"12":2,"13":1,"14":2,"15":2,"16":2,"17":2,"18":2,"19":0,"20":2,"21":1,"22":1,"23":1,"24":1,"25":1,"26":0,"27":0,"28":1,"29":1,"30":2,"31":0,"32":0,"33":0,"34":1,"35":2,"36":2,"37":3,"38":3,"39":3,"40":3,"41":0,"42":3,"43":3,"44":3,"45":1,"46":3,"47":1,"48":1,"49":1,"50":1,"51":1,"52":1,"53":1,"54":1,"55":1,"56":1,"57":0,"58":1,"59":6,"60":6,"61":1,"62":2,"63":0,"64":2,"65":1,"66":1,"67":0,"68":0,"69":0,"70":0,"71":0,"72":0,"73":0,"74":0,"75":0,"76":0,"77":0,"78":0,"79":0,"80":0,"81":0,"82":0,"83":0},"b":{"1":[2,1,1,1],"2":[1,1,1,1],"3":[1,1],"4":[2,2],"5":[1,1],"6":[1,1],"7":[2,0],"8":[2,1,1,1,1,1],"9":[0,2,0],"10":[1,1],"11":[2,1,1],"12":[1,0],"13":[0,2],"14":[2,0,0,0,0,0,0],"15":[0,3],"16":[3,0],"17":[1,1],"18":[0,1],"19":[1,2,0,2],"20":[1,0],"21":[1,1],"22":[0,0],"23":[0,0],"24":[0,0],"25":[0,0],"26":[0,0],"27":[0,0],"28":[0,0]},"f":{"1":2,"2":2,"3":2,"4":2,"5":2,"6":2,"7":3,"8":3,"9":3,"10":1,"11":6,"12":0},"fnMap":{"1":{"name":"(anonymous_1)","line":26,"loc":{"start":{"line":26,"column":1},"end":{"line":26,"column":13}}},"2":{"name":"(anonymous_2)","line":33,"loc":{"start":{"line":33,"column":5},"end":{"line":33,"column":17}}},"3":{"name":"(anonymous_3)","line":37,"loc":{"start":{"line":37,"column":24},"end":{"line":37,"column":36}}},"4":{"name":"(anonymous_4)","line":69,"loc":{"start":{"line":69,"column":31},"end":{"line":69,"column":48}},"skip":true},"5":{"name":"(anonymous_5)","line":78,"loc":{"start":{"line":78,"column":26},"end":{"line":78,"column":45}},"skip":true},"6":{"name":"(anonymous_6)","line":123,"loc":{"start":{"line":123,"column":33},"end":{"line":123,"column":48}},"skip":true},"7":{"name":"(anonymous_7)","line":125,"loc":{"start":{"line":125,"column":27},"end":{"line":125,"column":39}},"skip":true},"8":{"name":"(anonymous_8)","line":133,"loc":{"start":{"line":133,"column":59},"end":{"line":133,"column":74}},"skip":true},"9":{"name":"(anonymous_9)","line":143,"loc":{"start":{"line":143,"column":45},"end":{"line":143,"column":62}},"skip":true},"10":{"name":"(anonymous_10)","line":144,"loc":{"start":{"line":144,"column":73},"end":{"line":144,"column":92}},"skip":true},"11":{"name":"(anonymous_11)","line":272,"loc":{"start":{"line":272,"column":51},"end":{"line":272,"column":77}},"skip":true},"12":{"name":"(anonymous_12)","line":315,"loc":{"start":{"line":315,"column":32},"end":{"line":315,"column":61}},"skip":true}},"statementMap":{"1":{"start":{"line":26,"column":0},"end":{"line":326,"column":5}},"2":{"start":{"line":28,"column":4},"end":{"line":28,"column":14}},"3":{"start":{"line":33,"column":4},"end":{"line":60,"column":9}},"4":{"start":{"line":35,"column":8},"end":{"line":35,"column":19}},"5":{"start":{"line":37,"column":8},"end":{"line":49,"column":13}},"6":{"start":{"line":38,"column":12},"end":{"line":48,"column":13}},"7":{"start":{"line":39,"column":16},"end":{"line":42,"column":30}},"8":{"start":{"line":44,"column":16},"end":{"line":47,"column":27}},"9":{"start":{"line":51,"column":8},"end":{"line":53,"column":21}},"10":{"start":{"line":55,"column":8},"end":{"line":57,"column":45}},"11":{"start":{"line":59,"column":8},"end":{"line":59,"column":35}},"12":{"start":{"line":61,"column":4},"end":{"line":325,"column":5}},"13":{"start":{"line":69,"column":8},"end":{"line":121,"column":10},"skip":true},"14":{"start":{"line":70,"column":12},"end":{"line":88,"column":13},"skip":true},"15":{"start":{"line":76,"column":16},"end":{"line":87,"column":19},"skip":true},"16":{"start":{"line":79,"column":20},"end":{"line":86,"column":21},"skip":true},"17":{"start":{"line":82,"column":24},"end":{"line":82,"column":43},"skip":true},"18":{"start":{"line":83,"column":24},"end":{"line":83,"column":30},"skip":true},"19":{"start":{"line":85,"column":24},"end":{"line":85,"column":49},"skip":true},"20":{"start":{"line":89,"column":12},"end":{"line":107,"column":13},"skip":true},"21":{"start":{"line":92,"column":16},"end":{"line":102,"column":17},"skip":true},"22":{"start":{"line":93,"column":20},"end":{"line":93,"column":86},"skip":true},"23":{"start":{"line":94,"column":20},"end":{"line":95,"column":45},"skip":true},"24":{"start":{"line":96,"column":20},"end":{"line":96,"column":42},"skip":true},"25":{"start":{"line":97,"column":20},"end":{"line":97,"column":48},"skip":true},"26":{"start":{"line":100,"column":20},"end":{"line":100,"column":85},"skip":true},"27":{"start":{"line":101,"column":20},"end":{"line":101,"column":96},"skip":true},"28":{"start":{"line":103,"column":16},"end":{"line":103,"column":22},"skip":true},"29":{"start":{"line":106,"column":16},"end":{"line":106,"column":22},"skip":true},"30":{"start":{"line":108,"column":12},"end":{"line":120,"column":13},"skip":true},"31":{"start":{"line":114,"column":16},"end":{"line":119,"column":17},"skip":true},"32":{"start":{"line":116,"column":20},"end":{"line":116,"column":78},"skip":true},"33":{"start":{"line":118,"column":20},"end":{"line":118,"column":47},"skip":true},"34":{"start":{"line":123,"column":8},"end":{"line":141,"column":11},"skip":true},"35":{"start":{"line":124,"column":12},"end":{"line":124,"column":54},"skip":true},"36":{"start":{"line":125,"column":12},"end":{"line":140,"column":14},"skip":true},"37":{"start":{"line":126,"column":16},"end":{"line":126,"column":28},"skip":true},"38":{"start":{"line":127,"column":16},"end":{"line":127,"column":69},"skip":true},"39":{"start":{"line":128,"column":16},"end":{"line":128,"column":75},"skip":true},"40":{"start":{"line":129,"column":16},"end":{"line":131,"column":17},"skip":true},"41":{"start":{"line":130,"column":20},"end":{"line":130,"column":27},"skip":true},"42":{"start":{"line":133,"column":16},"end":{"line":137,"column":36},"skip":true},"43":{"start":{"line":134,"column":20},"end":{"line":136,"column":55},"skip":true},"44":{"start":{"line":139,"column":16},"end":{"line":139,"column":57},"skip":true},"45":{"start":{"line":143,"column":8},"end":{"line":147,"column":11},"skip":true},"46":{"start":{"line":144,"column":12},"end":{"line":146,"column":15},"skip":true},"47":{"start":{"line":145,"column":16},"end":{"line":145,"column":70},"skip":true},"48":{"start":{"line":149,"column":8},"end":{"line":149,"column":31},"skip":true},"49":{"start":{"line":150,"column":8},"end":{"line":150,"column":14},"skip":true},"50":{"start":{"line":158,"column":8},"end":{"line":158,"column":31},"skip":true},"51":{"start":{"line":160,"column":8},"end":{"line":160,"column":33},"skip":true},"52":{"start":{"line":161,"column":8},"end":{"line":161,"column":37},"skip":true},"53":{"start":{"line":162,"column":8},"end":{"line":162,"column":35},"skip":true},"54":{"start":{"line":164,"column":8},"end":{"line":164,"column":50},"skip":true},"55":{"start":{"line":166,"column":8},"end":{"line":256,"column":2},"skip":true},"56":{"start":{"line":258,"column":8},"end":{"line":286,"column":9},"skip":true},"57":{"start":{"line":259,"column":12},"end":{"line":269,"column":14},"skip":true},"58":{"start":{"line":271,"column":12},"end":{"line":285,"column":19},"skip":true},"59":{"start":{"line":274,"column":20},"end":{"line":274,"column":35},"skip":true},"60":{"start":{"line":275,"column":20},"end":{"line":284,"column":21},"skip":true},"61":{"start":{"line":277,"column":24},"end":{"line":277,"column":64},"skip":true},"62":{"start":{"line":279,"column":24},"end":{"line":279,"column":40},"skip":true},"63":{"start":{"line":281,"column":24},"end":{"line":281,"column":40},"skip":true},"64":{"start":{"line":283,"column":24},"end":{"line":283,"column":39},"skip":true},"65":{"start":{"line":288,"column":8},"end":{"line":290,"column":9},"skip":true},"66":{"start":{"line":289,"column":12},"end":{"line":289,"column":18},"skip":true},"67":{"start":{"line":291,"column":8},"end":{"line":293,"column":54},"skip":true},"68":{"start":{"line":296,"column":8},"end":{"line":301,"column":37},"skip":true},"69":{"start":{"line":303,"column":8},"end":{"line":303,"column":82},"skip":true},"70":{"start":{"line":306,"column":8},"end":{"line":308,"column":9},"skip":true},"71":{"start":{"line":307,"column":12},"end":{"line":307,"column":82},"skip":true},"72":{"start":{"line":310,"column":8},"end":{"line":312,"column":9},"skip":true},"73":{"start":{"line":311,"column":12},"end":{"line":311,"column":18},"skip":true},"74":{"start":{"line":313,"column":8},"end":{"line":313,"column":54},"skip":true},"75":{"start":{"line":314,"column":8},"end":{"line":314,"column":69},"skip":true},"76":{"start":{"line":315,"column":8},"end":{"line":323,"column":36},"skip":true},"77":{"start":{"line":316,"column":12},"end":{"line":316,"column":61},"skip":true},"78":{"start":{"line":317,"column":12},"end":{"line":320,"column":13},"skip":true},"79":{"start":{"line":318,"column":16},"end":{"line":318,"column":75},"skip":true},"80":{"start":{"line":319,"column":16},"end":{"line":319,"column":23},"skip":true},"81":{"start":{"line":321,"column":12},"end":{"line":321,"column":38},"skip":true},"82":{"start":{"line":322,"column":12},"end":{"line":322,"column":27},"skip":true},"83":{"start":{"line":324,"column":8},"end":{"line":324,"column":14},"skip":true}},"branchMap":{"1":{"line":39,"type":"binary-expr","locations":[{"start":{"line":39,"column":23},"end":{"line":39,"column":62}},{"start":{"line":40,"column":20},"end":{"line":40,"column":70}},{"start":{"line":41,"column":20},"end":{"line":41,"column":71}},{"start":{"line":42,"column":20},"end":{"line":42,"column":29}}]},"2":{"line":44,"type":"binary-expr","locations":[{"start":{"line":44,"column":23},"end":{"line":44,"column":37}},{"start":{"line":45,"column":20},"end":{"line":45,"column":61}},{"start":{"line":46,"column":20},"end":{"line":46,"column":70}},{"start":{"line":47,"column":20},"end":{"line":47,"column":26}}]},"3":{"line":51,"type":"cond-expr","locations":[{"start":{"line":52,"column":14},"end":{"line":52,"column":20}},{"start":{"line":53,"column":14},"end":{"line":53,"column":20}}]},"4":{"line":55,"type":"binary-expr","locations":[{"start":{"line":55,"column":16},"end":{"line":55,"column":44}},{"start":{"line":55,"column":49},"end":{"line":57,"column":43}}]},"5":{"line":55,"type":"cond-expr","locations":[{"start":{"line":56,"column":14},"end":{"line":56,"column":52}},{"start":{"line":57,"column":14},"end":{"line":57,"column":43}}]},"6":{"line":61,"type":"switch","locations":[{"start":{"line":68,"column":4},"end":{"line":150,"column":14},"skip":true},{"start":{"line":156,"column":4},"end":{"line":324,"column":14},"skip":true}]},"7":{"line":70,"type":"if","locations":[{"start":{"line":70,"column":12},"end":{"line":70,"column":12},"skip":true},{"start":{"line":70,"column":12},"end":{"line":70,"column":12},"skip":true}]},"8":{"line":70,"type":"binary-expr","locations":[{"start":{"line":70,"column":16},"end":{"line":70,"column":22},"skip":true},{"start":{"line":70,"column":27},"end":{"line":70,"column":32},"skip":true},{"start":{"line":71,"column":20},"end":{"line":71,"column":39},"skip":true},{"start":{"line":72,"column":20},"end":{"line":72,"column":49},"skip":true},{"start":{"line":73,"column":20},"end":{"line":73,"column":58},"skip":true},{"start":{"line":74,"column":20},"end":{"line":74,"column":69},"skip":true}]},"9":{"line":79,"type":"switch","locations":[{"start":{"line":80,"column":20},"end":{"line":80,"column":33},"skip":true},{"start":{"line":81,"column":20},"end":{"line":83,"column":30},"skip":true},{"start":{"line":84,"column":20},"end":{"line":85,"column":49},"skip":true}]},"10":{"line":89,"type":"switch","locations":[{"start":{"line":90,"column":12},"end":{"line":103,"column":22},"skip":true},{"start":{"line":105,"column":12},"end":{"line":106,"column":22},"skip":true}]},"11":{"line":89,"type":"binary-expr","locations":[{"start":{"line":89,"column":20},"end":{"line":89,"column":25},"skip":true},{"start":{"line":89,"column":29},"end":{"line":89,"column":48},"skip":true},{"start":{"line":89,"column":52},"end":{"line":89,"column":74},"skip":true}]},"12":{"line":92,"type":"if","locations":[{"start":{"line":92,"column":16},"end":{"line":92,"column":16},"skip":true},{"start":{"line":92,"column":16},"end":{"line":92,"column":16},"skip":true}]},"13":{"line":108,"type":"if","locations":[{"start":{"line":108,"column":12},"end":{"line":108,"column":12},"skip":true},{"start":{"line":108,"column":12},"end":{"line":108,"column":12},"skip":true}]},"14":{"line":108,"type":"binary-expr","locations":[{"start":{"line":108,"column":16},"end":{"line":108,"column":61},"skip":true},{"start":{"line":108,"column":66},"end":{"line":108,"column":72},"skip":true},{"start":{"line":108,"column":77},"end":{"line":108,"column":82},"skip":true},{"start":{"line":109,"column":20},"end":{"line":109,"column":39},"skip":true},{"start":{"line":110,"column":20},"end":{"line":110,"column":49},"skip":true},{"start":{"line":111,"column":20},"end":{"line":111,"column":58},"skip":true},{"start":{"line":112,"column":20},"end":{"line":112,"column":68},"skip":true}]},"15":{"line":129,"type":"if","locations":[{"start":{"line":129,"column":16},"end":{"line":129,"column":16},"skip":true},{"start":{"line":129,"column":16},"end":{"line":129,"column":16},"skip":true}]},"16":{"line":134,"type":"cond-expr","locations":[{"start":{"line":135,"column":26},"end":{"line":135,"column":29},"skip":true},{"start":{"line":136,"column":26},"end":{"line":136,"column":54},"skip":true}]},"17":{"line":164,"type":"binary-expr","locations":[{"start":{"line":164,"column":27},"end":{"line":164,"column":43},"skip":true},{"start":{"line":164,"column":47},"end":{"line":164,"column":49},"skip":true}]},"18":{"line":258,"type":"if","locations":[{"start":{"line":258,"column":8},"end":{"line":258,"column":8},"skip":true},{"start":{"line":258,"column":8},"end":{"line":258,"column":8},"skip":true}]},"19":{"line":275,"type":"switch","locations":[{"start":{"line":276,"column":20},"end":{"line":277,"column":64},"skip":true},{"start":{"line":278,"column":20},"end":{"line":279,"column":40},"skip":true},{"start":{"line":280,"column":20},"end":{"line":281,"column":40},"skip":true},{"start":{"line":282,"column":20},"end":{"line":283,"column":39},"skip":true}]},"20":{"line":288,"type":"if","locations":[{"start":{"line":288,"column":8},"end":{"line":288,"column":8},"skip":true},{"start":{"line":288,"column":8},"end":{"line":288,"column":8},"skip":true}]},"21":{"line":288,"type":"binary-expr","locations":[{"start":{"line":288,"column":12},"end":{"line":288,"column":40},"skip":true},{"start":{"line":288,"column":44},"end":{"line":288,"column":67},"skip":true}]},"22":{"line":292,"type":"binary-expr","locations":[{"start":{"line":292,"column":12},"end":{"line":292,"column":50},"skip":true},{"start":{"line":293,"column":12},"end":{"line":293,"column":53},"skip":true}]},"23":{"line":297,"type":"binary-expr","locations":[{"start":{"line":297,"column":12},"end":{"line":297,"column":66},"skip":true},{"start":{"line":298,"column":12},"end":{"line":301,"column":36},"skip":true}]},"24":{"line":303,"type":"binary-expr","locations":[{"start":{"line":303,"column":43},"end":{"line":303,"column":75},"skip":true},{"start":{"line":303,"column":79},"end":{"line":303,"column":81},"skip":true}]},"25":{"line":306,"type":"if","locations":[{"start":{"line":306,"column":8},"end":{"line":306,"column":8},"skip":true},{"start":{"line":306,"column":8},"end":{"line":306,"column":8},"skip":true}]},"26":{"line":310,"type":"if","locations":[{"start":{"line":310,"column":8},"end":{"line":310,"column":8},"skip":true},{"start":{"line":310,"column":8},"end":{"line":310,"column":8},"skip":true}]},"27":{"line":313,"type":"binary-expr","locations":[{"start":{"line":313,"column":27},"end":{"line":313,"column":43},"skip":true},{"start":{"line":313,"column":47},"end":{"line":313,"column":53},"skip":true}]},"28":{"line":317,"type":"if","locations":[{"start":{"line":317,"column":12},"end":{"line":317,"column":12},"skip":true},{"start":{"line":317,"column":12},"end":{"line":317,"column":12},"skip":true}]}},"code":["/*","example.js","","quickstart example","","instruction","    1. save this script as example.js","    2. run the shell command:","        $ npm install npmtest-pg-async && PORT=8081 node example.js","    3. play with the browser-demo on http://127.0.0.1:8081","*/","","","","/* istanbul instrument in package npmtest_pg_async */","/*jslint","    bitwise: true,","    browser: true,","    maxerr: 8,","    maxlen: 96,","    node: true,","    nomen: true,","    regexp: true,","    stupid: true","*/","(function () {","    'use strict';","    var local;","","","","    // run shared js-env code - pre-init","    (function () {","        // init local","        local = {};","        // init modeJs","        local.modeJs = (function () {","            try {","                return typeof navigator.userAgent === 'string' &&","                    typeof document.querySelector('body') === 'object' &&","                    typeof XMLHttpRequest.prototype.open === 'function' &&","                    'browser';","            } catch (errorCaughtBrowser) {","                return module.exports &&","                    typeof process.versions.node === 'string' &&","                    typeof require('http').createServer === 'function' &&","                    'node';","            }","        }());","        // init global","        local.global = local.modeJs === 'browser'","            ? window","            : global;","        // init utility2_rollup","        local = local.global.utility2_rollup || (local.modeJs === 'browser'","            ? local.global.utility2_npmtest_pg_async","            : global.utility2_moduleExports);","        // export local","        local.global.local = local;","    }());","    switch (local.modeJs) {","","","","    // post-init","    // run browser js-env code - post-init","    /* istanbul ignore next */","    case 'browser':","        local.testRunBrowser = function (event) {","            if (!event || (event &&","                    event.currentTarget &&","                    event.currentTarget.className &&","                    event.currentTarget.className.includes &&","                    event.currentTarget.className.includes('onreset'))) {","                // reset output","                Array.from(","                    document.querySelectorAll('body > .resettable')","                ).forEach(function (element) {","                    switch (element.tagName) {","                    case 'INPUT':","                    case 'TEXTAREA':","                        element.value = '';","                        break;","                    default:","                        element.textContent = '';","                    }","                });","            }","            switch (event && event.currentTarget && event.currentTarget.id) {","            case 'testRunButton1':","                // show tests","                if (document.querySelector('#testReportDiv1').style.display === 'none') {","                    document.querySelector('#testReportDiv1').style.display = 'block';","                    document.querySelector('#testRunButton1').textContent =","                        'hide internal test';","                    local.modeTest = true;","                    local.testRunDefault(local);","                // hide tests","                } else {","                    document.querySelector('#testReportDiv1').style.display = 'none';","                    document.querySelector('#testRunButton1').textContent = 'run internal test';","                }","                break;","            // custom-case","            default:","                break;","            }","            if (document.querySelector('#inputTextareaEval1') && (!event || (event &&","                    event.currentTarget &&","                    event.currentTarget.className &&","                    event.currentTarget.className.includes &&","                    event.currentTarget.className.includes('oneval')))) {","                // try to eval input-code","                try {","                    /*jslint evil: true*/","                    eval(document.querySelector('#inputTextareaEval1').value);","                } catch (errorCaught) {","                    console.error(errorCaught);","                }","            }","        };","        // log stderr and stdout to #outputTextareaStdout1","        ['error', 'log'].forEach(function (key) {","            console[key + '_original'] = console[key];","            console[key] = function () {","                var element;","                console[key + '_original'].apply(console, arguments);","                element = document.querySelector('#outputTextareaStdout1');","                if (!element) {","                    return;","                }","                // append text to #outputTextareaStdout1","                element.value += Array.from(arguments).map(function (arg) {","                    return typeof arg === 'string'","                        ? arg","                        : JSON.stringify(arg, null, 4);","                }).join(' ') + '\\n';","                // scroll textarea to bottom","                element.scrollTop = element.scrollHeight;","            };","        });","        // init event-handling","        ['change', 'click', 'keyup'].forEach(function (event) {","            Array.from(document.querySelectorAll('.on' + event)).forEach(function (element) {","                element.addEventListener(event, local.testRunBrowser);","            });","        });","        // run tests","        local.testRunBrowser();","        break;","","","","    // run node js-env code - post-init","    /* istanbul ignore next */","    case 'node':","        // export local","        module.exports = local;","        // require modules","        local.fs = require('fs');","        local.http = require('http');","        local.url = require('url');","        // init assets","        local.assetsDict = local.assetsDict || {};","        /* jslint-ignore-begin */","        local.assetsDict['/assets.index.template.html'] = '\\","<!doctype html>\\n\\","<html lang=\"en\">\\n\\","<head>\\n\\","<meta charset=\"UTF-8\">\\n\\","<meta name=\"viewport\" content=\"width=device-width, initial-scale=1\">\\n\\","<title>{{env.npm_package_name}} (v{{env.npm_package_version}})</title>\\n\\","<style>\\n\\","/*csslint\\n\\","    box-sizing: false,\\n\\","    universal-selector: false\\n\\","*/\\n\\","* {\\n\\","    box-sizing: border-box;\\n\\","}\\n\\","body {\\n\\","    background: #dde;\\n\\","    font-family: Arial, Helvetica, sans-serif;\\n\\","    margin: 2rem;\\n\\","}\\n\\","body > * {\\n\\","    margin-bottom: 1rem;\\n\\","}\\n\\",".utility2FooterDiv {\\n\\","    margin-top: 20px;\\n\\","    text-align: center;\\n\\","}\\n\\","</style>\\n\\","<style>\\n\\","/*csslint\\n\\","*/\\n\\","textarea {\\n\\","    font-family: monospace;\\n\\","    height: 10rem;\\n\\","    width: 100%;\\n\\","}\\n\\","textarea[readonly] {\\n\\","    background: #ddd;\\n\\","}\\n\\","</style>\\n\\","</head>\\n\\","<body>\\n\\","<!-- utility2-comment\\n\\","<div id=\"ajaxProgressDiv1\" style=\"background: #d00; height: 2px; left: 0; margin: 0; padding: 0; position: fixed; top: 0; transition: background 0.5s, width 1.5s; width: 25%;\"></div>\\n\\","utility2-comment -->\\n\\","<h1>\\n\\","<!-- utility2-comment\\n\\","    <a\\n\\","        {{#if env.npm_package_homepage}}\\n\\","        href=\"{{env.npm_package_homepage}}\"\\n\\","        {{/if env.npm_package_homepage}}\\n\\","        target=\"_blank\"\\n\\","    >\\n\\","utility2-comment -->\\n\\","        {{env.npm_package_name}} (v{{env.npm_package_version}})\\n\\","<!-- utility2-comment\\n\\","    </a>\\n\\","utility2-comment -->\\n\\","</h1>\\n\\","<h3>{{env.npm_package_description}}</h3>\\n\\","<!-- utility2-comment\\n\\","<h4><a download href=\"assets.app.js\">download standalone app</a></h4>\\n\\","<button class=\"onclick onreset\" id=\"testRunButton1\">run internal test</button><br>\\n\\","<div id=\"testReportDiv1\" style=\"display: none;\"></div>\\n\\","utility2-comment -->\\n\\","\\n\\","\\n\\","\\n\\","<label>stderr and stdout</label>\\n\\","<textarea class=\"resettable\" id=\"outputTextareaStdout1\" readonly></textarea>\\n\\","<!-- utility2-comment\\n\\","{{#if isRollup}}\\n\\","<script src=\"assets.app.js\"></script>\\n\\","{{#unless isRollup}}\\n\\","utility2-comment -->\\n\\","<script src=\"assets.utility2.rollup.js\"></script>\\n\\","<script src=\"jsonp.utility2._stateInit?callback=window.utility2._stateInit\"></script>\\n\\","<script src=\"assets.npmtest_pg_async.rollup.js\"></script>\\n\\","<script src=\"assets.example.js\"></script>\\n\\","<script src=\"assets.test.js\"></script>\\n\\","<!-- utility2-comment\\n\\","{{/if isRollup}}\\n\\","utility2-comment -->\\n\\","<div class=\"utility2FooterDiv\">\\n\\","    [ this app was created with\\n\\","    <a href=\"https://github.com/kaizhu256/node-utility2\" target=\"_blank\">utility2</a>\\n\\","    ]\\n\\","</div>\\n\\","</body>\\n\\","</html>\\n\\","';","        /* jslint-ignore-end */","        if (local.templateRender) {","            local.assetsDict['/'] = local.templateRender(","                local.assetsDict['/assets.index.template.html'],","                {","                    env: local.objectSetDefault(local.env, {","                        npm_package_description: 'the greatest app in the world!',","                        npm_package_name: 'my-app',","                        npm_package_nameAlias: 'my_app',","                        npm_package_version: '0.0.1'","                    })","                }","            );","        } else {","            local.assetsDict['/'] = local.assetsDict['/assets.index.template.html']","                .replace((/\\{\\{env\\.(\\w+?)\\}\\}/g), function (match0, match1) {","                    // jslint-hack","                    String(match0);","                    switch (match1) {","                    case 'npm_package_description':","                        return 'the greatest app in the world!';","                    case 'npm_package_name':","                        return 'my-app';","                    case 'npm_package_nameAlias':","                        return 'my_app';","                    case 'npm_package_version':","                        return '0.0.1';","                    }","                });","        }","        // run the cli","        if (local.global.utility2_rollup || module !== require.main) {","            break;","        }","        local.assetsDict['/assets.example.js'] =","            local.assetsDict['/assets.example.js'] ||","            local.fs.readFileSync(__filename, 'utf8');","        // bug-workaround - long $npm_package_buildCustomOrg","        /* jslint-ignore-begin */","        local.assetsDict['/assets.npmtest_pg_async.rollup.js'] =","            local.assetsDict['/assets.npmtest_pg_async.rollup.js'] ||","            local.fs.readFileSync(","                local.npmtest_pg_async.__dirname + '/lib.npmtest_pg_async.js',","                'utf8'","            ).replace((/^#!/), '//');","        /* jslint-ignore-end */","        local.assetsDict['/favicon.ico'] = local.assetsDict['/favicon.ico'] || '';","        // if $npm_config_timeout_exit exists,","        // then exit this process after $npm_config_timeout_exit ms","        if (Number(process.env.npm_config_timeout_exit)) {","            setTimeout(process.exit, Number(process.env.npm_config_timeout_exit));","        }","        // start server","        if (local.global.utility2_serverHttp1) {","            break;","        }","        process.env.PORT = process.env.PORT || '8081';","        console.error('server starting on port ' + process.env.PORT);","        local.http.createServer(function (request, response) {","            request.urlParsed = local.url.parse(request.url);","            if (local.assetsDict[request.urlParsed.pathname] !== undefined) {","                response.end(local.assetsDict[request.urlParsed.pathname]);","                return;","            }","            response.statusCode = 404;","            response.end();","        }).listen(process.env.PORT);","        break;","    }","}());",""],"l":{"26":2,"28":2,"33":2,"35":2,"37":2,"38":2,"39":2,"44":1,"51":2,"55":2,"59":2,"61":2,"69":1,"70":2,"76":2,"79":2,"82":2,"83":2,"85":1,"89":2,"92":1,"93":1,"94":1,"96":1,"97":1,"100":1,"101":1,"103":1,"106":1,"108":2,"114":1,"116":1,"118":1,"123":1,"124":2,"125":2,"126":3,"127":3,"128":3,"129":3,"130":1,"133":3,"134":3,"139":3,"143":1,"144":3,"145":1,"149":1,"150":1,"158":1,"160":1,"161":1,"162":1,"164":1,"166":1,"258":1,"259":1,"271":1,"274":6,"275":6,"277":1,"279":2,"281":1,"283":2,"288":1,"289":1,"291":1,"296":1,"303":1,"306":1,"307":1,"310":1,"311":1,"313":1,"314":1,"315":1,"316":1,"317":1,"318":1,"319":1,"321":1,"322":1,"324":1}},"/home/travis/build/npmtest/node-npmtest-pg-async/node_modules/pg-async/lib/index.js":{"path":"/home/travis/build/npmtest/node-npmtest-pg-async/node_modules/pg-async/lib/index.js","s":{"1":1,"2":1,"3":1,"4":1,"5":2,"6":1,"7":2,"8":1,"9":2,"10":1,"11":1,"12":1,"13":1,"14":1,"15":1,"16":1,"17":1,"18":1,"19":1,"20":5,"21":1,"22":0,"23":0,"24":0,"25":1,"26":0,"27":0,"28":0,"29":0,"30":0,"31":0,"32":0,"33":0,"34":0,"35":0,"36":0,"37":1,"38":1,"39":0,"40":0,"41":0,"42":0,"43":0,"44":0,"45":0,"46":0,"47":0,"48":0,"49":0,"50":0,"51":0,"52":0,"53":0,"54":0,"55":0,"56":0,"57":0,"58":0,"59":0,"60":0,"61":0,"62":0,"63":0,"64":0,"65":0,"66":0,"67":0,"68":0,"69":0,"70":0,"71":0,"72":0,"73":0,"74":0,"75":0,"76":0,"77":0,"78":0,"79":0,"80":0,"81":0,"82":0,"83":0,"84":0,"85":0,"86":0,"87":0,"88":0,"89":0,"90":0,"91":0,"92":0,"93":0,"94":0,"95":0,"96":0,"97":0,"98":0,"99":0,"100":0,"101":0,"102":0,"103":0,"104":0,"105":0,"106":0,"107":0,"108":0,"109":0,"110":0,"111":0,"112":0,"113":0,"114":0,"115":0,"116":0,"117":0,"118":0,"119":1,"120":1},"b":{"1":[3,2],"2":[5,5],"3":[0,0],"4":[0,0],"5":[0,0],"6":[0,0],"7":[0,0,0,0,0],"8":[0,0],"9":[0,0],"10":[0,0]},"f":{"1":2,"2":2,"3":2,"4":5,"5":0,"6":0,"7":0,"8":0,"9":0,"10":0,"11":0,"12":0,"13":0,"14":0,"15":0,"16":0,"17":0,"18":0,"19":0,"20":0,"21":0,"22":0,"23":0,"24":0,"25":0,"26":0,"27":0,"28":0},"fnMap":{"1":{"name":"get","line":12,"loc":{"start":{"line":12,"column":7},"end":{"line":12,"column":22}}},"2":{"name":"get","line":18,"loc":{"start":{"line":18,"column":7},"end":{"line":18,"column":22}}},"3":{"name":"get","line":24,"loc":{"start":{"line":24,"column":7},"end":{"line":24,"column":22}}},"4":{"name":"_interopRequireDefault","line":47,"loc":{"start":{"line":47,"column":0},"end":{"line":47,"column":37}}},"5":{"name":"_asyncToGenerator","line":49,"loc":{"start":{"line":49,"column":0},"end":{"line":49,"column":31}}},"6":{"name":"(anonymous_6)","line":49,"loc":{"start":{"line":49,"column":40},"end":{"line":49,"column":52}}},"7":{"name":"(anonymous_7)","line":49,"loc":{"start":{"line":49,"column":121},"end":{"line":49,"column":148}}},"8":{"name":"step","line":49,"loc":{"start":{"line":49,"column":150},"end":{"line":49,"column":174}}},"9":{"name":"(anonymous_9)","line":49,"loc":{"start":{"line":49,"column":363},"end":{"line":49,"column":380}}},"10":{"name":"(anonymous_10)","line":49,"loc":{"start":{"line":49,"column":406},"end":{"line":49,"column":421}}},"11":{"name":"checkAsyncFunction","line":53,"loc":{"start":{"line":53,"column":0},"end":{"line":53,"column":39}}},"12":{"name":"(anonymous_12)","line":58,"loc":{"start":{"line":58,"column":13},"end":{"line":58,"column":41}}},"13":{"name":"(anonymous_13)","line":68,"loc":{"start":{"line":68,"column":19},"end":{"line":68,"column":34}}},"14":{"name":"(anonymous_14)","line":93,"loc":{"start":{"line":93,"column":22},"end":{"line":93,"column":32}}},"15":{"name":"(anonymous_15)","line":98,"loc":{"start":{"line":98,"column":22},"end":{"line":98,"column":25}}},"16":{"name":"(anonymous_16)","line":102,"loc":{"start":{"line":102,"column":11},"end":{"line":102,"column":14}}},"17":{"name":"(anonymous_17)","line":106,"loc":{"start":{"line":106,"column":11},"end":{"line":106,"column":20}}},"18":{"name":"(anonymous_18)","line":121,"loc":{"start":{"line":121,"column":11},"end":{"line":121,"column":14}}},"19":{"name":"(anonymous_19)","line":124,"loc":{"start":{"line":124,"column":29},"end":{"line":124,"column":42}}},"20":{"name":"(anonymous_20)","line":125,"loc":{"start":{"line":125,"column":36},"end":{"line":125,"column":63}}},"21":{"name":"(anonymous_21)","line":126,"loc":{"start":{"line":126,"column":64},"end":{"line":126,"column":94}}},"22":{"name":"done","line":134,"loc":{"start":{"line":134,"column":18},"end":{"line":134,"column":34}}},"23":{"name":"(anonymous_23)","line":144,"loc":{"start":{"line":144,"column":9},"end":{"line":144,"column":21}}},"24":{"name":"(anonymous_24)","line":147,"loc":{"start":{"line":147,"column":29},"end":{"line":147,"column":42}}},"25":{"name":"(anonymous_25)","line":168,"loc":{"start":{"line":168,"column":13},"end":{"line":168,"column":25}}},"26":{"name":"(anonymous_26)","line":171,"loc":{"start":{"line":171,"column":29},"end":{"line":171,"column":42}}},"27":{"name":"(anonymous_27)","line":175,"loc":{"start":{"line":175,"column":38},"end":{"line":175,"column":57}}},"28":{"name":"(anonymous_28)","line":192,"loc":{"start":{"line":192,"column":15},"end":{"line":192,"column":29}}}},"statementMap":{"1":{"start":{"line":3,"column":0},"end":{"line":5,"column":3}},"2":{"start":{"line":6,"column":0},"end":{"line":6,"column":80}},"3":{"start":{"line":8,"column":0},"end":{"line":8,"column":28}},"4":{"start":{"line":10,"column":0},"end":{"line":15,"column":3}},"5":{"start":{"line":13,"column":4},"end":{"line":13,"column":23}},"6":{"start":{"line":16,"column":0},"end":{"line":21,"column":3}},"7":{"start":{"line":19,"column":4},"end":{"line":19,"column":24}},"8":{"start":{"line":22,"column":0},"end":{"line":27,"column":3}},"9":{"start":{"line":25,"column":4},"end":{"line":25,"column":27}},"10":{"start":{"line":29,"column":0},"end":{"line":29,"column":36}},"11":{"start":{"line":31,"column":0},"end":{"line":31,"column":51}},"12":{"start":{"line":33,"column":0},"end":{"line":33,"column":24}},"13":{"start":{"line":35,"column":0},"end":{"line":35,"column":39}},"14":{"start":{"line":37,"column":0},"end":{"line":37,"column":32}},"15":{"start":{"line":39,"column":0},"end":{"line":39,"column":45}},"16":{"start":{"line":41,"column":0},"end":{"line":41,"column":46}},"17":{"start":{"line":43,"column":0},"end":{"line":43,"column":59}},"18":{"start":{"line":45,"column":0},"end":{"line":45,"column":41}},"19":{"start":{"line":47,"column":0},"end":{"line":47,"column":95}},"20":{"start":{"line":47,"column":39},"end":{"line":47,"column":93}},"21":{"start":{"line":49,"column":0},"end":{"line":49,"column":480}},"22":{"start":{"line":49,"column":33},"end":{"line":49,"column":478}},"23":{"start":{"line":49,"column":54},"end":{"line":49,"column":90}},"24":{"start":{"line":49,"column":91},"end":{"line":49,"column":475}},"25":{"start":{"line":49,"column":150},"end":{"line":49,"column":450}},"26":{"start":{"line":49,"column":176},"end":{"line":49,"column":274}},"27":{"start":{"line":49,"column":182},"end":{"line":49,"column":207}},"28":{"start":{"line":49,"column":208},"end":{"line":49,"column":231}},"29":{"start":{"line":49,"column":250},"end":{"line":49,"column":264}},"30":{"start":{"line":49,"column":265},"end":{"line":49,"column":272}},"31":{"start":{"line":49,"column":275},"end":{"line":49,"column":448}},"32":{"start":{"line":49,"column":292},"end":{"line":49,"column":307}},"33":{"start":{"line":49,"column":317},"end":{"line":49,"column":446}},"34":{"start":{"line":49,"column":382},"end":{"line":49,"column":402}},"35":{"start":{"line":49,"column":423},"end":{"line":49,"column":442}},"36":{"start":{"line":49,"column":451},"end":{"line":49,"column":471}},"37":{"start":{"line":51,"column":0},"end":{"line":51,"column":40}},"38":{"start":{"line":53,"column":0},"end":{"line":55,"column":1}},"39":{"start":{"line":54,"column":2},"end":{"line":54,"column":86}},"40":{"start":{"line":54,"column":39},"end":{"line":54,"column":86}},"41":{"start":{"line":59,"column":4},"end":{"line":59,"column":29}},"42":{"start":{"line":61,"column":4},"end":{"line":61,"column":57}},"43":{"start":{"line":61,"column":34},"end":{"line":61,"column":56}},"44":{"start":{"line":63,"column":4},"end":{"line":63,"column":49}},"45":{"start":{"line":64,"column":4},"end":{"line":64,"column":27}},"46":{"start":{"line":66,"column":4},"end":{"line":66,"column":22}},"47":{"start":{"line":67,"column":4},"end":{"line":75,"column":6}},"48":{"start":{"line":68,"column":6},"end":{"line":74,"column":8}},"49":{"start":{"line":69,"column":8},"end":{"line":71,"column":9}},"50":{"start":{"line":70,"column":10},"end":{"line":70,"column":45}},"51":{"start":{"line":73,"column":8},"end":{"line":73,"column":76}},"52":{"start":{"line":73,"column":38},"end":{"line":73,"column":74}},"53":{"start":{"line":76,"column":4},"end":{"line":78,"column":6}},"54":{"start":{"line":77,"column":6},"end":{"line":77,"column":86}},"55":{"start":{"line":77,"column":36},"end":{"line":77,"column":85}},"56":{"start":{"line":77,"column":59},"end":{"line":77,"column":84}},"57":{"start":{"line":80,"column":4},"end":{"line":80,"column":18}},"58":{"start":{"line":81,"column":4},"end":{"line":81,"column":26}},"59":{"start":{"line":83,"column":4},"end":{"line":83,"column":17}},"60":{"start":{"line":84,"column":4},"end":{"line":84,"column":25}},"61":{"start":{"line":86,"column":4},"end":{"line":86,"column":16}},"62":{"start":{"line":87,"column":4},"end":{"line":87,"column":24}},"63":{"start":{"line":89,"column":4},"end":{"line":89,"column":18}},"64":{"start":{"line":90,"column":4},"end":{"line":90,"column":26}},"65":{"start":{"line":94,"column":4},"end":{"line":94,"column":38}},"66":{"start":{"line":95,"column":4},"end":{"line":95,"column":16}},"67":{"start":{"line":99,"column":4},"end":{"line":99,"column":64}},"68":{"start":{"line":103,"column":4},"end":{"line":103,"column":24}},"69":{"start":{"line":107,"column":4},"end":{"line":116,"column":5}},"70":{"start":{"line":107,"column":36},"end":{"line":116,"column":5}},"71":{"start":{"line":109,"column":8},"end":{"line":109,"column":30}},"72":{"start":{"line":110,"column":8},"end":{"line":110,"column":14}},"73":{"start":{"line":112,"column":8},"end":{"line":112,"column":37}},"74":{"start":{"line":113,"column":8},"end":{"line":113,"column":14}},"75":{"start":{"line":115,"column":8},"end":{"line":115,"column":65}},"76":{"start":{"line":117,"column":4},"end":{"line":117,"column":42}},"77":{"start":{"line":118,"column":4},"end":{"line":118,"column":16}},"78":{"start":{"line":122,"column":4},"end":{"line":122,"column":21}},"79":{"start":{"line":124,"column":4},"end":{"line":141,"column":9}},"80":{"start":{"line":125,"column":6},"end":{"line":140,"column":9}},"81":{"start":{"line":126,"column":8},"end":{"line":139,"column":11}},"82":{"start":{"line":127,"column":10},"end":{"line":131,"column":11}},"83":{"start":{"line":128,"column":12},"end":{"line":128,"column":88}},"84":{"start":{"line":129,"column":12},"end":{"line":129,"column":34}},"85":{"start":{"line":129,"column":23},"end":{"line":129,"column":34}},"86":{"start":{"line":130,"column":12},"end":{"line":130,"column":31}},"87":{"start":{"line":132,"column":10},"end":{"line":138,"column":13}},"88":{"start":{"line":135,"column":14},"end":{"line":135,"column":54}},"89":{"start":{"line":136,"column":14},"end":{"line":136,"column":22}},"90":{"start":{"line":145,"column":4},"end":{"line":145,"column":22}},"91":{"start":{"line":147,"column":4},"end":{"line":165,"column":9}},"92":{"start":{"line":148,"column":6},"end":{"line":148,"column":36}},"93":{"start":{"line":150,"column":6},"end":{"line":150,"column":42}},"94":{"start":{"line":152,"column":6},"end":{"line":153,"column":29}},"95":{"start":{"line":155,"column":6},"end":{"line":164,"column":7}},"96":{"start":{"line":156,"column":8},"end":{"line":156,"column":56}},"97":{"start":{"line":157,"column":8},"end":{"line":157,"column":44}},"98":{"start":{"line":158,"column":8},"end":{"line":158,"column":25}},"99":{"start":{"line":159,"column":8},"end":{"line":159,"column":15}},"100":{"start":{"line":160,"column":8},"end":{"line":160,"column":22}},"101":{"start":{"line":162,"column":8},"end":{"line":162,"column":18}},"102":{"start":{"line":163,"column":8},"end":{"line":163,"column":18}},"103":{"start":{"line":169,"column":4},"end":{"line":169,"column":22}},"104":{"start":{"line":171,"column":4},"end":{"line":196,"column":9}},"105":{"start":{"line":172,"column":6},"end":{"line":172,"column":36}},"106":{"start":{"line":174,"column":6},"end":{"line":195,"column":12}},"107":{"start":{"line":175,"column":8},"end":{"line":190,"column":11}},"108":{"start":{"line":176,"column":10},"end":{"line":176,"column":42}},"109":{"start":{"line":177,"column":10},"end":{"line":177,"column":42}},"110":{"start":{"line":178,"column":10},"end":{"line":189,"column":11}},"111":{"start":{"line":179,"column":12},"end":{"line":179,"column":51}},"112":{"start":{"line":180,"column":12},"end":{"line":180,"column":34}},"113":{"start":{"line":181,"column":12},"end":{"line":181,"column":26}},"114":{"start":{"line":183,"column":12},"end":{"line":187,"column":13}},"115":{"start":{"line":184,"column":14},"end":{"line":184,"column":38}},"116":{"start":{"line":188,"column":12},"end":{"line":188,"column":22}},"117":{"start":{"line":192,"column":8},"end":{"line":194,"column":10}},"118":{"start":{"line":193,"column":10},"end":{"line":193,"column":46}},"119":{"start":{"line":200,"column":0},"end":{"line":200,"column":26}},"120":{"start":{"line":201,"column":0},"end":{"line":201,"column":28}}},"branchMap":{"1":{"line":47,"type":"cond-expr","locations":[{"start":{"line":47,"column":70},"end":{"line":47,"column":73}},{"start":{"line":47,"column":76},"end":{"line":47,"column":92}}]},"2":{"line":47,"type":"binary-expr","locations":[{"start":{"line":47,"column":46},"end":{"line":47,"column":49}},{"start":{"line":47,"column":53},"end":{"line":47,"column":67}}]},"3":{"line":49,"type":"if","locations":[{"start":{"line":49,"column":275},"end":{"line":49,"column":275}},{"start":{"line":49,"column":275},"end":{"line":49,"column":275}}]},"4":{"line":54,"type":"if","locations":[{"start":{"line":54,"column":2},"end":{"line":54,"column":2}},{"start":{"line":54,"column":2},"end":{"line":54,"column":2}}]},"5":{"line":99,"type":"binary-expr","locations":[{"start":{"line":99,"column":11},"end":{"line":99,"column":34}},{"start":{"line":99,"column":38},"end":{"line":99,"column":63}}]},"6":{"line":107,"type":"if","locations":[{"start":{"line":107,"column":4},"end":{"line":107,"column":4}},{"start":{"line":107,"column":4},"end":{"line":107,"column":4}}]},"7":{"line":107,"type":"switch","locations":[{"start":{"line":108,"column":6},"end":{"line":108,"column":14}},{"start":{"line":108,"column":14},"end":{"line":110,"column":14}},{"start":{"line":111,"column":6},"end":{"line":111,"column":20}},{"start":{"line":111,"column":20},"end":{"line":113,"column":14}},{"start":{"line":114,"column":6},"end":{"line":115,"column":65}}]},"8":{"line":117,"type":"binary-expr","locations":[{"start":{"line":117,"column":19},"end":{"line":117,"column":25}},{"start":{"line":117,"column":29},"end":{"line":117,"column":41}}]},"9":{"line":127,"type":"if","locations":[{"start":{"line":127,"column":10},"end":{"line":127,"column":10}},{"start":{"line":127,"column":10},"end":{"line":127,"column":10}}]},"10":{"line":129,"type":"if","locations":[{"start":{"line":129,"column":12},"end":{"line":129,"column":12}},{"start":{"line":129,"column":12},"end":{"line":129,"column":12}}]}},"code":["'use strict';","","Object.defineProperty(exports, \"__esModule\", {","  value: true","});","exports.SQL = exports.identifier = exports.literal = exports.sqlStr = undefined;","","var _sql = require('./sql');","","Object.defineProperty(exports, 'sqlStr', {","  enumerable: true,","  get: function get() {","    return _sql.sqlStr;","  }","});","Object.defineProperty(exports, 'literal', {","  enumerable: true,","  get: function get() {","    return _sql.literal;","  }","});","Object.defineProperty(exports, 'identifier', {","  enumerable: true,","  get: function get() {","    return _sql.identifier;","  }","});","","var _bluebird = require('bluebird');","","var _bluebird2 = _interopRequireDefault(_bluebird);","","var _pg = require('pg');","","var _pg2 = _interopRequireDefault(_pg);","","var _debug = require('./debug');","","var _debug2 = _interopRequireDefault(_debug);","","var _makeAsyncApi = require('./makeAsyncApi');","","var _makeAsyncApi2 = _interopRequireDefault(_makeAsyncApi);","","var _sql2 = _interopRequireDefault(_sql);","","function _interopRequireDefault(obj) { return obj && obj.__esModule ? obj : { default: obj }; }","","function _asyncToGenerator(fn) { return function () { var gen = fn.apply(this, arguments); return new _bluebird2.default(function (resolve, reject) { function step(key, arg) { try { var info = gen[key](arg); var value = info.value; } catch (error) { reject(error); return; } if (info.done) { resolve(value); } else { return _bluebird2.default.resolve(value).then(function (value) { step(\"next\", value); }, function (err) { step(\"throw\", err); }); } } return step(\"next\"); }); }; }","","const SQL = exports.SQL = _sql2.default;","","function checkAsyncFunction(asyncFunc) {","  if (typeof asyncFunc !== 'function') throw new TypeError('async function expected');","}","","class PgAsync {","  constructor(connectionOptions, driver) {","    this.SQL = _sql2.default;","","    this.closeConnections = () => this.getDriver().end();","","    this.setConnectionOptions(connectionOptions);","    this.setDriver(driver);","","    const self = this;","    const wrap = name => {","      self[name] = function (sql) {","        for (var _len = arguments.length, values = Array(_len > 1 ? _len - 1 : 0), _key = 1; _key < _len; _key++) {","          values[_key - 1] = arguments[_key];","        }","","        return self.connect(client => client[`${ name }Args`](sql, values));","      };","    };","    const wrapArgs = name => {","      self[name] = (sql, values) => self.connect(client => client[name](sql, values));","    };","","    wrap('query');","    wrapArgs('queryArgs');","","    wrap('rows');","    wrapArgs('rowsArgs');","","    wrap('row');","    wrapArgs('rowArgs');","","    wrap('value');","    wrapArgs('valueArgs');","  }","","  setConnectionOptions(options) {","    this._connectionOptions = options;","    return this;","  }","","  getConnectionOptions() {","    return this._connectionOptions || this.getDriver().defaults;","  }","","  getDriver() {","    return this._driver;","  }","","  setDriver(driver) {","    if (typeof driver === 'string') switch (driver) {","      case '':case 'pg':","        driver = _pg2.default;","        break;","      case 'native':case 'pg.native':","        driver = _pg2.default.native;","        break;","      default:","        throw new Error(`Unrecognized driver name: ${ driver }`);","    }","    this._driver = driver || _pg2.default;","    return this;","  }","","  getClient() {","    var _this = this;","","    return _asyncToGenerator(function* () {","      return new _bluebird2.default(function (resolve, reject) {","        _this.getDriver().connect(_this.getConnectionOptions(), function (err, client, _done) {","          if (err) {","            (0, _debug2.default)('%s getClient(%j)', err, _this.getConnectionOptions());","            if (_done) _done(err);","            return reject(err);","          }","          return resolve({","            client: client,","            done: function done() {","              (0, _debug2.default)('Client released');","              _done();","            }","          });","        });","      });","    })();","  }","","  connect(asyncFunc) {","    var _this2 = this;","","    return _asyncToGenerator(function* () {","      checkAsyncFunction(asyncFunc);","","      var _ref = yield _this2.getClient();","","      const client = _ref.client,","            done = _ref.done;","","      try {","        const api = (0, _makeAsyncApi2.default)(client);","        const result = yield asyncFunc(api);","        yield api._end();","        done();","        return result;","      } catch (err) {","        done(err);","        throw err;","      }","    })();","  }","","  transaction(asyncFunc) {","    var _this3 = this;","","    return _asyncToGenerator(function* () {","      checkAsyncFunction(asyncFunc);","","      return yield _this3.connect((() => {","        var _ref2 = _asyncToGenerator(function* (client) {","          client.checkSerialAccess = true;","          yield client.startTransaction();","          try {","            const result = yield asyncFunc(client);","            yield client.commit();","            return result;","          } catch (err) {","            try {","              yield client.rollback();","            } catch (_) {","              // client disconnected?","            }","            throw err;","          }","        });","","        return function (_x) {","          return _ref2.apply(this, arguments);","        };","      })());","    })();","  }","","}","exports.default = PgAsync;","PgAsync.SQL = _sql2.default;"],"l":{"3":1,"6":1,"8":1,"10":1,"13":2,"16":1,"19":2,"22":1,"25":2,"29":1,"31":1,"33":1,"35":1,"37":1,"39":1,"41":1,"43":1,"45":1,"47":5,"49":1,"51":1,"53":1,"54":0,"59":0,"61":0,"63":0,"64":0,"66":0,"67":0,"68":0,"69":0,"70":0,"73":0,"76":0,"77":0,"80":0,"81":0,"83":0,"84":0,"86":0,"87":0,"89":0,"90":0,"94":0,"95":0,"99":0,"103":0,"107":0,"109":0,"110":0,"112":0,"113":0,"115":0,"117":0,"118":0,"122":0,"124":0,"125":0,"126":0,"127":0,"128":0,"129":0,"130":0,"132":0,"135":0,"136":0,"145":0,"147":0,"148":0,"150":0,"152":0,"155":0,"156":0,"157":0,"158":0,"159":0,"160":0,"162":0,"163":0,"169":0,"171":0,"172":0,"174":0,"175":0,"176":0,"177":0,"178":0,"179":0,"180":0,"181":0,"183":0,"184":0,"188":0,"192":0,"193":0,"200":1,"201":1}},"/home/travis/build/npmtest/node-npmtest-pg-async/node_modules/pg-async/lib/sql.js":{"path":"/home/travis/build/npmtest/node-npmtest-pg-async/node_modules/pg-async/lib/sql.js","s":{"1":1,"2":1,"3":1,"4":1,"5":1,"6":1,"7":1,"8":1,"9":1,"10":1,"11":1,"12":1,"13":1,"14":2,"15":2,"16":2,"17":2,"18":2,"19":2,"20":2,"21":2,"22":2,"23":2,"24":2,"25":2,"26":2,"27":2,"28":2,"29":0,"30":0,"31":0,"32":2,"33":0,"34":0,"35":0,"36":0,"37":0,"38":0,"39":0,"40":0,"41":0,"42":0,"43":0,"44":0,"45":0,"46":0,"47":0,"48":0,"49":0,"50":0,"51":0,"52":2,"53":2,"54":2,"55":0,"56":0,"57":0,"58":0,"59":0,"60":0,"61":0,"62":0,"63":0,"64":0,"65":0,"66":0,"67":0,"68":1,"69":1,"70":2,"71":0,"72":2,"73":2,"74":0,"75":2,"76":2,"77":1,"78":1,"79":1,"80":1,"81":4,"82":14,"83":4,"84":4,"85":0,"86":4,"87":4,"88":10,"89":10,"90":0,"91":10,"92":1,"93":0,"94":0,"95":0,"96":0,"97":0,"98":1,"99":1,"100":1,"101":0,"102":0,"103":0,"104":1,"105":0,"106":0,"107":0,"108":1,"109":0,"110":0,"111":0,"112":0,"113":0,"114":0,"115":0,"116":0,"117":0,"118":0,"119":0,"120":1,"121":0,"122":0,"123":0,"124":0,"125":0,"126":0,"127":0,"128":0,"129":0,"130":0,"131":0,"132":0,"133":0,"134":0,"135":0,"136":0,"137":0,"138":1,"139":1,"140":1,"141":1,"142":1},"b":{"1":[0,1],"2":[1,1],"3":[0,0],"4":[0,0],"5":[0,0],"6":[0,0],"7":[0,0],"8":[2,0],"9":[2,2],"10":[0,2],"11":[0,4],"12":[0,10],"13":[10,0],"14":[0,0],"15":[0,0],"16":[0,0],"17":[0,0],"18":[0,0],"19":[0,0],"20":[0,0],"21":[0,0]},"f":{"1":1,"2":2,"3":0,"4":2,"5":4,"6":0,"7":0,"8":0,"9":0},"fnMap":{"1":{"name":"_interopRequireDefault","line":20,"loc":{"start":{"line":20,"column":0},"end":{"line":20,"column":37}}},"2":{"name":"(anonymous_2)","line":27,"loc":{"start":{"line":27,"column":13},"end":{"line":27,"column":45}}},"3":{"name":"(anonymous_3)","line":88,"loc":{"start":{"line":88,"column":10},"end":{"line":88,"column":13}}},"4":{"name":"SQL","line":107,"loc":{"start":{"line":107,"column":6},"end":{"line":107,"column":26}}},"5":{"name":"(anonymous_5)","line":127,"loc":{"start":{"line":127,"column":24},"end":{"line":127,"column":36}}},"6":{"name":"sqlStr","line":153,"loc":{"start":{"line":153,"column":0},"end":{"line":153,"column":21}}},"7":{"name":"identifier","line":160,"loc":{"start":{"line":160,"column":0},"end":{"line":160,"column":26}}},"8":{"name":"literal","line":167,"loc":{"start":{"line":167,"column":0},"end":{"line":167,"column":24}}},"9":{"name":"insert_object","line":181,"loc":{"start":{"line":181,"column":0},"end":{"line":181,"column":29}}}},"statementMap":{"1":{"start":{"line":3,"column":0},"end":{"line":5,"column":3}},"2":{"start":{"line":6,"column":0},"end":{"line":6,"column":83}},"3":{"start":{"line":7,"column":0},"end":{"line":7,"column":24}},"4":{"start":{"line":8,"column":0},"end":{"line":8,"column":32}},"5":{"start":{"line":9,"column":0},"end":{"line":9,"column":26}},"6":{"start":{"line":10,"column":0},"end":{"line":10,"column":38}},"7":{"start":{"line":12,"column":0},"end":{"line":12,"column":28}},"8":{"start":{"line":14,"column":0},"end":{"line":14,"column":24}},"9":{"start":{"line":16,"column":0},"end":{"line":16,"column":39}},"10":{"start":{"line":18,"column":0},"end":{"line":18,"column":37}},"11":{"start":{"line":20,"column":0},"end":{"line":20,"column":95}},"12":{"start":{"line":20,"column":39},"end":{"line":20,"column":93}},"13":{"start":{"line":22,"column":0},"end":{"line":22,"column":8}},"14":{"start":{"line":28,"column":4},"end":{"line":28,"column":21}},"15":{"start":{"line":29,"column":4},"end":{"line":29,"column":21}},"16":{"start":{"line":31,"column":4},"end":{"line":31,"column":41}},"17":{"start":{"line":32,"column":4},"end":{"line":32,"column":20}},"18":{"start":{"line":33,"column":4},"end":{"line":33,"column":29}},"19":{"start":{"line":34,"column":4},"end":{"line":34,"column":21}},"20":{"start":{"line":36,"column":4},"end":{"line":36,"column":14}},"21":{"start":{"line":38,"column":4},"end":{"line":40,"column":6}},"22":{"start":{"line":39,"column":6},"end":{"line":39,"column":32}},"23":{"start":{"line":42,"column":4},"end":{"line":47,"column":6}},"24":{"start":{"line":43,"column":6},"end":{"line":43,"column":48}},"25":{"start":{"line":44,"column":6},"end":{"line":44,"column":27}},"26":{"start":{"line":45,"column":6},"end":{"line":45,"column":33}},"27":{"start":{"line":46,"column":6},"end":{"line":46,"column":26}},"28":{"start":{"line":49,"column":4},"end":{"line":53,"column":6}},"29":{"start":{"line":50,"column":6},"end":{"line":50,"column":18}},"30":{"start":{"line":51,"column":6},"end":{"line":51,"column":30}},"31":{"start":{"line":52,"column":6},"end":{"line":52,"column":33}},"32":{"start":{"line":55,"column":4},"end":{"line":79,"column":5}},"33":{"start":{"line":56,"column":6},"end":{"line":56,"column":48}},"34":{"start":{"line":57,"column":6},"end":{"line":57,"column":41}},"35":{"start":{"line":58,"column":6},"end":{"line":58,"column":169}},"36":{"start":{"line":58,"column":40},"end":{"line":58,"column":169}},"37":{"start":{"line":60,"column":6},"end":{"line":60,"column":73}},"38":{"start":{"line":60,"column":31},"end":{"line":60,"column":73}},"39":{"start":{"line":62,"column":6},"end":{"line":62,"column":24}},"40":{"start":{"line":64,"column":6},"end":{"line":64,"column":54}},"41":{"start":{"line":64,"column":32},"end":{"line":64,"column":54}},"42":{"start":{"line":66,"column":6},"end":{"line":77,"column":7}},"43":{"start":{"line":67,"column":8},"end":{"line":67,"column":55}},"44":{"start":{"line":68,"column":8},"end":{"line":68,"column":27}},"45":{"start":{"line":69,"column":8},"end":{"line":73,"column":9}},"46":{"start":{"line":70,"column":10},"end":{"line":70,"column":44}},"47":{"start":{"line":71,"column":10},"end":{"line":71,"column":45}},"48":{"start":{"line":72,"column":10},"end":{"line":72,"column":23}},"49":{"start":{"line":74,"column":8},"end":{"line":74,"column":42}},"50":{"start":{"line":76,"column":8},"end":{"line":76,"column":24}},"51":{"start":{"line":78,"column":6},"end":{"line":78,"column":10}},"52":{"start":{"line":81,"column":4},"end":{"line":81,"column":30}},"53":{"start":{"line":82,"column":4},"end":{"line":82,"column":16}},"54":{"start":{"line":84,"column":4},"end":{"line":84,"column":30}},"55":{"start":{"line":89,"column":4},"end":{"line":89,"column":46}},"56":{"start":{"line":89,"column":24},"end":{"line":89,"column":46}},"57":{"start":{"line":91,"column":4},"end":{"line":91,"column":20}},"58":{"start":{"line":92,"column":4},"end":{"line":92,"column":38}},"59":{"start":{"line":93,"column":4},"end":{"line":93,"column":14}},"60":{"start":{"line":94,"column":4},"end":{"line":99,"column":5}},"61":{"start":{"line":95,"column":6},"end":{"line":95,"column":32}},"62":{"start":{"line":96,"column":6},"end":{"line":96,"column":44}},"63":{"start":{"line":97,"column":6},"end":{"line":97,"column":23}},"64":{"start":{"line":98,"column":6},"end":{"line":98,"column":10}},"65":{"start":{"line":100,"column":4},"end":{"line":100,"column":30}},"66":{"start":{"line":101,"column":4},"end":{"line":101,"column":35}},"67":{"start":{"line":102,"column":4},"end":{"line":102,"column":26}},"68":{"start":{"line":106,"column":0},"end":{"line":106,"column":34}},"69":{"start":{"line":107,"column":0},"end":{"line":121,"column":2}},"70":{"start":{"line":108,"column":2},"end":{"line":110,"column":3}},"71":{"start":{"line":109,"column":4},"end":{"line":109,"column":39}},"72":{"start":{"line":114,"column":2},"end":{"line":118,"column":3}},"73":{"start":{"line":115,"column":4},"end":{"line":115,"column":51}},"74":{"start":{"line":115,"column":38},"end":{"line":115,"column":51}},"75":{"start":{"line":117,"column":4},"end":{"line":117,"column":20}},"76":{"start":{"line":120,"column":2},"end":{"line":120,"column":40}},"77":{"start":{"line":123,"column":0},"end":{"line":123,"column":23}},"78":{"start":{"line":124,"column":0},"end":{"line":124,"column":29}},"79":{"start":{"line":126,"column":0},"end":{"line":126,"column":21}},"80":{"start":{"line":127,"column":0},"end":{"line":141,"column":2}},"81":{"start":{"line":128,"column":2},"end":{"line":130,"column":3}},"82":{"start":{"line":129,"column":4},"end":{"line":129,"column":36}},"83":{"start":{"line":132,"column":2},"end":{"line":132,"column":32}},"84":{"start":{"line":133,"column":2},"end":{"line":133,"column":91}},"85":{"start":{"line":133,"column":39},"end":{"line":133,"column":91}},"86":{"start":{"line":135,"column":2},"end":{"line":135,"column":37}},"87":{"start":{"line":136,"column":2},"end":{"line":140,"column":3}},"88":{"start":{"line":137,"column":4},"end":{"line":137,"column":47}},"89":{"start":{"line":138,"column":4},"end":{"line":138,"column":118}},"90":{"start":{"line":138,"column":60},"end":{"line":138,"column":118}},"91":{"start":{"line":139,"column":4},"end":{"line":139,"column":51}},"92":{"start":{"line":143,"column":0},"end":{"line":148,"column":2}},"93":{"start":{"line":144,"column":2},"end":{"li
[...]
113":0,"114":0,"115":0,"116":0,"117":0,"118":0,"119":0,"120":0,"121":0,"122":0,"123":0,"124":1},"b":{"1":[1,0],"2":[0,0],"3":[2,1],"4":[3,3],"5":[0,0],"6":[0,0],"7":[0,0],"8":[0,0],"9":[0,0],"10":[0,0],"11":[0,0],"12":[0,0],"13":[0,0],"14":[0,0]},"f":{"1":0,"2":3,"3":0,"4":0,"5":0,"6":0,"7":0,"8":0,"9":0,"10":0,"11":0,"12":0,"13":0,"14":0,"15":0,"16":0,"17":0,"18":0},"fnMap":{"1":{"name":"(anonymous_1)","line":7,"loc":{"start":{"line":7,"column":32},"end":{"line":7,"column":50}}},"2":{"name":"_interopRequireDefault","line":21,"loc":{"start":{"line":21,"column":0},"end":{"line":21,"column":37}}},"3":{"name":"_asyncToGenerator","line":23,"loc":{"start":{"line":23,"column":0},"end":{"line":23,"column":31}}},"4":{"name":"(anonymous_4)","line":23,"loc":{"start":{"line":23,"column":40},"end":{"line":23,"column":52}}},"5":{"name":"(anonymous_5)","line":23,"loc":{"start":{"line":23,"column":121},"end":{"line":23,"column":148}}},"6":{"name":"step","line":23,"loc":{"start":{"line":23,"column":150},"end":{"line":23,"column":174}}},"7":{"name":"(anonymous_7)","line":23,"loc":{"start":{"line":23,"column":363},"end":{"line":23,"column":380}}},"8":{"name":"(anonymous_8)","line":23,"loc":{"start":{"line":23,"column":406},"end":{"line":23,"column":421}}},"9":{"name":"query","line":29,"loc":{"start":{"line":29,"column":2},"end":{"line":29,"column":22}}},"10":{"name":"(anonymous_10)","line":60,"loc":{"start":{"line":60,"column":16},"end":{"line":60,"column":31}}},"11":{"name":"(anonymous_11)","line":72,"loc":{"start":{"line":72,"column":15},"end":{"line":72,"column":30}}},"12":{"name":"(anonymous_12)","line":81,"loc":{"start":{"line":81,"column":14},"end":{"line":81,"column":29}}},"13":{"name":"(anonymous_13)","line":89,"loc":{"start":{"line":89,"column":33},"end":{"line":89,"column":57}}},"14":{"name":"(anonymous_14)","line":95,"loc":{"start":{"line":95,"column":11},"end":{"line":95,"column":30}}},"15":{"name":"(anonymous_15)","line":101,"loc":{"start":{"line":101,"column":34},"end":{"line":101,"column":50}}},"16":{"name":"(anonymous_16)","line":109,"loc":{"start":{"line":109,"column":11},"end":{"line":109,"column":26}}},"17":{"name":"(anonymous_17)","line":114,"loc":{"start":{"line":114,"column":34},"end":{"line":114,"column":58}}},"18":{"name":"(anonymous_18)","line":130,"loc":{"start":{"line":130,"column":11},"end":{"line":130,"column":31}}}},"statementMap":{"1":{"start":{"line":3,"column":0},"end":{"line":5,"column":3}},"2":{"start":{"line":7,"column":0},"end":{"line":7,"column":257}},"3":{"start":{"line":7,"column":52},"end":{"line":7,"column":239}},"4":{"start":{"line":7,"column":97},"end":{"line":7,"column":123}},"5":{"start":{"line":7,"column":124},"end":{"line":7,"column":237}},"6":{"start":{"line":7,"column":150},"end":{"line":7,"column":235}},"7":{"start":{"line":7,"column":207},"end":{"line":7,"column":233}},"8":{"start":{"line":7,"column":240},"end":{"line":7,"column":254}},"9":{"start":{"line":9,"column":0},"end":{"line":9,"column":36}},"10":{"start":{"line":11,"column":0},"end":{"line":11,"column":51}},"11":{"start":{"line":13,"column":0},"end":{"line":13,"column":32}},"12":{"start":{"line":15,"column":0},"end":{"line":15,"column":45}},"13":{"start":{"line":17,"column":0},"end":{"line":17,"column":28}},"14":{"start":{"line":19,"column":0},"end":{"line":19,"column":41}},"15":{"start":{"line":21,"column":0},"end":{"line":21,"column":95}},"16":{"start":{"line":21,"column":39},"end":{"line":21,"column":93}},"17":{"start":{"line":23,"column":0},"end":{"line":23,"column":480}},"18":{"start":{"line":23,"column":33},"end":{"line":23,"column":478}},"19":{"start":{"line":23,"column":54},"end":{"line":23,"column":90}},"20":{"start":{"line":23,"column":91},"end":{"line":23,"column":475}},"21":{"start":{"line":23,"column":150},"end":{"line":23,"column":450}},"22":{"start":{"line":23,"column":176},"end":{"line":23,"column":274}},"23":{"start":{"line":23,"column":182},"end":{"line":23,"column":207}},"24":{"start":{"line":23,"column":208},"end":{"line":23,"column":231}},"25":{"start":{"line":23,"column":250},"end":{"line":23,"column":264}},"26":{"start":{"line":23,"column":265},"end":{"line":23,"column":272}},"27":{"start":{"line":23,"column":275},"end":{"line":23,"column":448}},"28":{"start":{"line":23,"column":292},"end":{"line":23,"column":307}},"29":{"start":{"line":23,"column":317},"end":{"line":23,"column":446}},"30":{"start":{"line":23,"column":382},"end":{"line":23,"column":402}},"31":{"start":{"line":23,"column":423},"end":{"line":23,"column":442}},"32":{"start":{"line":23,"column":451},"end":{"line":23,"column":471}},"33":{"start":{"line":25,"column":0},"end":{"line":170,"column":2}},"34":{"start":{"line":27,"column":2},"end":{"line":27,"column":22}},"35":{"start":{"line":29,"column":2},"end":{"line":35,"column":3}},"36":{"start":{"line":30,"column":4},"end":{"line":32,"column":5}},"37":{"start":{"line":31,"column":6},"end":{"line":31,"column":41}},"38":{"start":{"line":34,"column":4},"end":{"line":34,"column":40}},"39":{"start":{"line":37,"column":2},"end":{"line":56,"column":4}},"40":{"start":{"line":38,"column":4},"end":{"line":41,"column":5}},"41":{"start":{"line":39,"column":6},"end":{"line":39,"column":26}},"42":{"start":{"line":40,"column":6},"end":{"line":40,"column":21}},"43":{"start":{"line":43,"column":4},"end":{"line":43,"column":19}},"44":{"start":{"line":44,"column":4},"end":{"line":55,"column":7}},"45":{"start":{"line":45,"column":6},"end":{"line":45,"column":99}},"46":{"start":{"line":46,"column":6},"end":{"line":54,"column":9}},"47":{"start":{"line":47,"column":8},"end":{"line":47,"column":24}},"48":{"start":{"line":48,"column":8},"end":{"line":51,"column":9}},"49":{"start":{"line":49,"column":10},"end":{"line":49,"column":69}},"50":{"start":{"line":50,"column":10},"end":{"line":50,"column":29}},"51":{"start":{"line":52,"column":8},"end":{"line":52,"column":67}},"52":{"start":{"line":53,"column":8},"end":{"line":53,"column":31}},"53":{"start":{"line":58,"column":2},"end":{"line":58,"column":28}},"54":{"start":{"line":60,"column":2},"end":{"line":66,"column":4}},"55":{"start":{"line":61,"column":4},"end":{"line":63,"column":5}},"56":{"start":{"line":62,"column":6},"end":{"line":62,"column":43}},"57":{"start":{"line":65,"column":4},"end":{"line":65,"column":40}},"58":{"start":{"line":67,"column":2},"end":{"line":70,"column":4}},"59":{"start":{"line":68,"column":4},"end":{"line":68,"column":115}},"60":{"start":{"line":68,"column":17},"end":{"line":68,"column":115}},"61":{"start":{"line":69,"column":4},"end":{"line":69,"column":35}},"62":{"start":{"line":72,"column":2},"end":{"line":78,"column":4}},"63":{"start":{"line":73,"column":4},"end":{"line":75,"column":5}},"64":{"start":{"line":74,"column":6},"end":{"line":74,"column":43}},"65":{"start":{"line":77,"column":4},"end":{"line":77,"column":39}},"66":{"start":{"line":79,"column":2},"end":{"line":79,"column":83}},"67":{"start":{"line":79,"column":36},"end":{"line":79,"column":82}},"68":{"start":{"line":79,"column":75},"end":{"line":79,"column":81}},"69":{"start":{"line":81,"column":2},"end":{"line":87,"column":4}},"70":{"start":{"line":82,"column":4},"end":{"line":84,"column":5}},"71":{"start":{"line":83,"column":6},"end":{"line":83,"column":43}},"72":{"start":{"line":86,"column":4},"end":{"line":86,"column":38}},"73":{"start":{"line":88,"column":2},"end":{"line":98,"column":7}},"74":{"start":{"line":89,"column":4},"end":{"line":93,"column":7}},"75":{"start":{"line":90,"column":6},"end":{"line":90,"column":56}},"76":{"start":{"line":91,"column":6},"end":{"line":91,"column":123}},"77":{"start":{"line":91,"column":33},"end":{"line":91,"column":123}},"78":{"start":{"line":92,"column":6},"end":{"line":92,"column":28}},"79":{"start":{"line":95,"column":4},"end":{"line":97,"column":6}},"80":{"start":{"line":96,"column":6},"end":{"line":96,"column":41}},"81":{"start":{"line":100,"column":2},"end":{"line":112,"column":7}},"82":{"start":{"line":101,"column":4},"end":{"line":107,"column":7}},"83":{"start":{"line":102,"column":6},"end":{"line":104,"column":7}},"84":{"start":{"line":103,"column":8},"end":{"line":103,"column":45}},"85":{"start":{"line":106,"column":6},"end":{"line":106,"column":42}},"86":{"start":{"line":109,"column":4},"end":{"line":111,"column":6}},"87":{"start":{"line":110,"column":6},"end":{"line":110,"column":42}},"88":{"start":{"line":113,"column":2},"end":{"line":133,"column":7}},"89":{"start":{"line":114,"column":4},"end":{"line":128,"column":7}},"90":{"start":{"line":115,"column":6},"end":{"line":115,"column":15}},"91":{"start":{"line":116,"column":6},"end":{"line":123,"column":7}},"92":{"start":{"line":117,"column":8},"end":{"line":119,"column":11}},"93":{"start":{"line":120,"column":8},"end":{"line":120,"column":28}},"94":{"start":{"line":122,"column":8},"end":{"line":122,"column":115}},"95":{"start":{"line":125,"column":6},"end":{"line":125,"column":55}},"96":{"start":{"line":126,"column":6},"end":{"line":126,"column":115}},"97":{"start":{"line":126,"column":31},"end":{"line":126,"column":115}},"98":{"start":{"line":127,"column":6},"end":{"line":127,"column":23}},"99":{"start":{"line":130,"column":4},"end":{"line":132,"column":6}},"100":{"start":{"line":131,"column":6},"end":{"line":131,"column":42}},"101":{"start":{"line":135,"column":2},"end":{"line":135,"column":30}},"102":{"start":{"line":137,"column":2},"end":{"line":140,"column":4}},"103":{"start":{"line":138,"column":4},"end":{"line":138,"column":31}},"104":{"start":{"line":139,"column":4},"end":{"line":139,"column":32}},"105":{"start":{"line":142,"column":2},"end":{"line":145,"column":4}},"106":{"start":{"line":143,"column":4},"end":{"line":143,"column":32}},"107":{"start":{"line":144,"column":4},"end":{"line":144,"column":33}},"108":{"start":{"line":147,"column":2},"end":{"line":150,"column":4}},"109":{"start":{"line":148,"column":4},"end":{"line":148,"column":32}},"110":{"start":{"line":149,"column":4},"end":{"line":149,"column":38}},"111":{"start":{"line":152,"column":2},"end":{"line":167,"column":4}},"112":{"start":{"line":153,"column":4},"end":{"line":153,"column":33}},"113":{"start":{"line":154,"column":4},"end":{"line":156,"column":6}},"114":{"start":{"line":155,"column":6},"end":{"line":155,"column":46}},"115":{"start":{"line":157,"column":4},"end":{"line":166,"column":7}},"116":{"start":{"line":158,"column":6},"end":{"line":158,"column":109}},"117":{"start":{"line":158,"column":19},"end":{"line":158,"column":109}},"118":{"start":{"line":160,"column":6},"end":{"line":164,"column":7}},"119":{"start":{"line":161,"column":8},"end":{"line":161,"column":36}},"120":{"start":{"line":162,"column":8},"end":{"line":162,"column":34}},"121":{"start":{"line":163,"column":8},"end":{"line":163,"column":91}},"122":{"start":{"line":165,"column":6},"end":{"line":165,"column":16}},"123":{"start":{"line":169,"column":2},"end":{"line":169,"column":15}},"124":{"start":{"line":172,"column":0},"end":{"line":172,"column":31}}},"branchMap":{"1":{"line":7,"type":"binary-expr","locations":[{"start":{"line":7,"column":15},"end":{"line":7,"column":28}},{"start":{"line":7,"column":32},"end":{"line":7,"column":256}}]},"2":{"line":7,"type":"if","locations":[{"start":{"line":7,"column":150},"end":{"line":7,"column":150}},{"start":{"line":7,"column":150},"end":{"line":7,"column":150}}]},"3":{"line":21,"type":"cond-expr","locations":[{"start":{"line":21,"column":70},"end":{"line":21,"column":73}},{"start":{"line":21,"column":76},"end":{"line":21,"column":92}}]},"4":{"line":21,"type":"binary-expr","locations":[{"start":{"line":21,"column":46},"end":{"line":21,"column":49}},{"start":{"line":21,"column":53},"end":{"line":21,"column":67}}]},"5":{"line":23,"type":"if","locations":[{"start":{"line":23,"column":275},"end":{"line":23,"column":275}},{"start":{"line":23,"column":275},"end":{"line":23,"column":275}}]},"6":{"line":38,"type":"if","locations":[{"start":{"line":38,"column":4},"end":{"line":38,"column":4}},{"start":{"line":38,"column":4},"end":{"line":38,"column":4}}]},"7":{"line":48,"type":"if","locations":[{"start":{"line":48,"column":8},"end":{"line":48,"column":8}},{"start":{"line":48,"column":8},"end":{"line":48,"column":8}}]},"8":{"line":68,"type":"if","locations":[{"start":{"line":68,"column":4},"end":{"line":68,"column":4}},{"start":{"line":68,"column":4},"end":{"line":68,"column":4}}]},"9":{"line":91,"type":"if","locations":[{"start":{"line":91,"column":6},"end":{"line":91,"column":6}},{"start":{"line":91,"column":6},"end":{"line":91,"column":6}}]},"10":{"line":116,"type":"if","locations":[{"start":{"line":116,"column":6},"end":{"line":116,"column":6}},{"start":{"line":116,"column":6},"end":{"line":116,"column":6}}]},"11":{"line":122,"type":"cond-expr","locations":[{"start":{"line":122,"column":41},"end":{"line":122,"column":72}},{"start":{"line":122,"column":75},"end":{"line":122,"column":114}}]},"12":{"line":126,"type":"if","locations":[{"start":{"line":126,"column":6},"end":{"line":126,"column":6}},{"start":{"line":126,"column":6},"end":{"line":126,"column":6}}]},"13":{"line":158,"type":"if","locations":[{"start":{"line":158,"column":6},"end":{"line":158,"column":6}},{"start":{"line":158,"column":6},"end":{"line":158,"column":6}}]},"14":{"line":160,"type":"if","locations":[{"start":{"line":160,"column":6},"end":{"line":160,"column":6}},{"start":{"line":160,"column":6},"end":{"line":160,"column":6}}]}},"code":["'use strict';","","Object.defineProperty(exports, \"__esModule\", {","  value: true","});","","var _extends = Object.assign || function (target) { for (var i = 1; i < arguments.length; i++) { var source = arguments[i]; for (var key in source) { if (Object.prototype.hasOwnProperty.call(source, key)) { target[key] = source[key]; } } } return target; };","","var _bluebird = require('bluebird');","","var _bluebird2 = _interopRequireDefault(_bluebird);","","var _debug = require('./debug');","","var _debug2 = _interopRequireDefault(_debug);","","var _sql = require('./sql');","","var _sql2 = _interopRequireDefault(_sql);","","function _interopRequireDefault(obj) { return obj && obj.__esModule ? obj : { default: obj }; }","","function _asyncToGenerator(fn) { return function () { var gen = fn.apply(this, arguments); return new _bluebird2.default(function (resolve, reject) { function step(key, arg) { try { var info = gen[key](arg); var value = info.value; } catch (error) { reject(error); return; } if (info.done) { resolve(value); } else { return _bluebird2.default.resolve(value).then(function (value) { step(\"next\", value); }, function (err) { step(\"throw\", err); }); } } return step(\"next\"); }); }; }","","const makeAsyncApi = client => {","","  let inQuery = false;","","  function query(sql) {","    for (var _len = arguments.length, values = Array(_len > 1 ? _len - 1 : 0), _key = 1; _key < _len; _key++) {","      values[_key - 1] = arguments[_key];","    }","","    return query.queryArgs(sql, values);","  }","","  let _queryArgs = (sql, values) => {","    if (sql instanceof _sql.SqlFragment) {","      values = sql.values;","      sql = sql.text;","    }","","    inQuery = true;","    return new _bluebird2.default((resolve, reject) => {","      (0, _debug2.default)('query params: %s query: %j', JSON.stringify(values).slice(0, 60), sql);","      client.query(sql, values, (err, result) => {","        inQuery = false;","        if (err) {","          (0, _debug2.default)('%s query(%j, %j)', err, sql, values);","          return reject(err);","        }","        (0, _debug2.default)('query ok: %d rows', result.rowCount);","        return resolve(result);","      });","    });","  };","","  query.SQL = _sql2.default;","","  query.query = function (sql) {","    for (var _len2 = arguments.length, values = Array(_len2 > 1 ? _len2 - 1 : 0), _key2 = 1; _key2 < _len2; _key2++) {","      values[_key2 - 1] = arguments[_key2];","    }","","    return query.queryArgs(sql, values);","  };","  query.queryArgs = (sql, values) => {","    if (inQuery) throw new Error('Commands on same client should be called serially. ' + 'Do you forget `await`?');","    return _queryArgs(sql, values);","  };","","  query.rows = function (sql) {","    for (var _len3 = arguments.length, values = Array(_len3 > 1 ? _len3 - 1 : 0), _key3 = 1; _key3 < _len3; _key3++) {","      values[_key3 - 1] = arguments[_key3];","    }","","    return query.rowsArgs(sql, values);","  };","  query.rowsArgs = (sql, values) => query.queryArgs(sql, values).then(r => r.rows);","","  query.row = function (sql) {","    for (var _len4 = arguments.length, values = Array(_len4 > 1 ? _len4 - 1 : 0), _key4 = 1; _key4 < _len4; _key4++) {","      values[_key4 - 1] = arguments[_key4];","    }","","    return query.rowArgs(sql, values);","  };","  query.rowArgs = (() => {","    var _ref = _asyncToGenerator(function* (sql, values) {","      const result = yield query.queryArgs(sql, values);","      if (result.rowCount !== 1) throw new Error(`SQL: Expected exactly one row result but ${ result.rowCount } returned`);","      return result.rows[0];","    });","","    return function (_x, _x2) {","      return _ref.apply(this, arguments);","    };","  })();","","  query.value = (() => {","    var _ref2 = _asyncToGenerator(function* (sql) {","      for (var _len5 = arguments.length, values = Array(_len5 > 1 ? _len5 - 1 : 0), _key5 = 1; _key5 < _len5; _key5++) {","        values[_key5 - 1] = arguments[_key5];","      }","","      return query.valueArgs(sql, values);","    });","","    return function (_x3) {","      return _ref2.apply(this, arguments);","    };","  })();","  query.valueArgs = (() => {","    var _ref3 = _asyncToGenerator(function* (sql, values) {","      let opts;","      if (sql instanceof _sql.SqlFragment) {","        opts = _extends({}, sql, {","          rowMode: 'array'","        });","        values = sql.values;","      } else {","        opts = typeof sql === 'string' ? { text: sql, rowMode: 'array' } : _extends({}, sql, { rowMode: 'array' });","      }","","      const result = yield query.rowArgs(opts, values);","      if (result.length !== 1) throw new Error(`SQL: Expected exactly one column but ${ result.length } returned`);","      return result[0];","    });","","    return function (_x4, _x5) {","      return _ref3.apply(this, arguments);","    };","  })();","","  query.inTransaction = false;","","  query.startTransaction = () => {","    query.inTransaction = true;","    return query.query('BEGIN');","  };","","  query.commit = () => {","    query.inTransaction = false;","    return query.query('COMMIT');","  };","","  query.rollback = () => {","    query.inTransaction = false;","    return _queryArgs('ROLLBACK', []);","  };","","  query._end = () => {","    const queryArgs = _queryArgs;","    _queryArgs = () => {","      throw new Error('Client was released.');","    };","    return new _bluebird2.default(resolve => {","      if (inQuery) throw new Error('Client shutting down but query is pending. ' + 'Do you forget `await`?');","","      if (query.inTransaction) {","        query.inTransaction = false;","        queryArgs('ROLLBACK', []);","        throw new Error('Transaction started manually but not closed. Automatic rollback');","      }","      resolve();","    });","  };","","  return query;","};","","exports.default = makeAsyncApi;"],"l":{"3":1,"7":1,"9":1,"11":1,"13":1,"15":1,"17":1,"19":1,"21":3,"23":1,"25":1,"27":0,"29":1,"30":0,"31":0,"34":0,"37":0,"38":0,"39":0,"40":0,"43":0,"44":0,"45":0,"46":0,"47":0,"48":0,"49":0,"50":0,"52":0,"53":0,"58":0,"60":0,"61":0,"62":0,"65":0,"67":0,"68":0,"69":0,"72":0,"73":0,"74":0,"77":0,"79":0,"81":0,"82":0,"83":0,"86":0,"88":0,"89":0,"90":0,"91":0,"92":0,"95":0,"96":0,"100":0,"101":0,"102":0,"103":0,"106":0,"109":0,"110":0,"113":0,"114":0,"115":0,"116":0,"117":0,"120":0,"122":0,"125":0,"126":0,"127":0,"130":0,"131":0,"135":0,"137":0,"138":0,"139":0,"142":0,"143":0,"144":0,"147":0,"148":0,"149":0,"152":0,"153":0,"154":0,"155":0,"157":0,"158":0,"160":0,"161":0,"162":0,"163":0,"165":0,"169":0,"172":1}}}